07-03-2016 15:26:10 INFO  ProxyServer:68 - Proxy server started on port: 1002

07-03-2016 15:26:10 ERROR ProxyServer:71 - Port 1002 is blocked.
java.net.BindException: Address already in use: JVM_Bind
	at java.net.DualStackPlainSocketImpl.bind0(Native Method)
	at java.net.DualStackPlainSocketImpl.socketBind(DualStackPlainSocketImpl.java:106)
	at java.net.AbstractPlainSocketImpl.bind(AbstractPlainSocketImpl.java:387)
	at java.net.PlainSocketImpl.bind(PlainSocketImpl.java:190)
	at java.net.ServerSocket.bind(ServerSocket.java:375)
	at java.net.ServerSocket.<init>(ServerSocket.java:237)
	at java.net.ServerSocket.<init>(ServerSocket.java:128)
	at com.mycompany.forwardproxyserver.ProxyServer.startServer(ProxyServer.java:67)
	at com.mycompany.forwardproxyserver.ProxyServer.run(ProxyServer.java:48)
07-03-2016 15:26:13 INFO  ProxyServer:88 -  + PROXY: * Client number 1  accepted

07-03-2016 15:26:13 INFO  ProxyServer:88 -  + PROXY: * Client number 1  accepted

07-03-2016 15:26:13 INFO  ProxyServer:88 -  + PROXY: * Client number 1  accepted

07-03-2016 15:26:13 INFO  ProxyServer:88 -  + PROXY: * Client number 1  accepted

07-03-2016 15:26:13 INFO  ProxyServer:88 -  + PROXY: * Client number 1  accepted

07-03-2016 15:26:13 INFO  ProxyServer:88 -  + PROXY: * Client number 1  accepted

07-03-2016 15:26:13 INFO  ProxyServer:88 -  + PROXY: * Client number 1  accepted

07-03-2016 15:26:13 INFO  ProxyServer:88 -  + PROXY: * Client number 1  accepted

07-03-2016 15:26:13 INFO  ProxyServer:88 -  + PROXY: * Client number 1  accepted

07-03-2016 15:26:13 DEBUG ClientsBrowserAnalyzer:40 - Добавляю 1-й браузер Google Chrome в базу

07-03-2016 15:26:13 DEBUG ClientsBrowserAnalyzer:40 - Добавляю 1-й браузер Google Chrome в базу

07-03-2016 15:26:13 INFO  ProxyServer:88 -  + PROXY: * Client number 1  accepted

07-03-2016 15:26:13 DEBUG HttpRequestHandler:152 - 
+ PROXY: CURRENT TIME IS: 15:26:13
CLIENTS 1 REQUEST: 
GET http://portscan.ru/ HTTP/1.1
Host: portscan.ru
Proxy-Connection: keep-alive
Cache-Control: max-age=0
Accept: text/html,application/xhtml+xml,application/xml;q=0.9,image/webp,*/*;q=0.8
Upgrade-Insecure-Requests: 1
User-Agent: Mozilla/5.0 (Windows NT 6.1; WOW64) AppleWebKit/537.36 (KHTML, like Gecko) Chrome/48.0.2564.116 Safari/537.36
Accept-Encoding: gzip, deflate, sdch
Accept-Language: uk-UA,uk;q=0.8,ru;q=0.6,en-US;q=0.4,en;q=0.2
Cookie: _ym_uid=1455283662407492012; PHPSESSID=910986a453229a57d394f007caf5f811


07-03-2016 15:26:13 INFO  HttpRequestHandler:155 - 
* PROXY: Необходима NTLM аутентификация, возвращаю ошибку 407 клиенту!

07-03-2016 15:26:13 DEBUG ClientsBrowserAnalyzer:40 - Добавляю 2-й браузер Google Chrome в базу

07-03-2016 15:26:13 DEBUG HttpRequestHandler:152 - 
+ PROXY: CURRENT TIME IS: 15:26:13
CLIENTS 1 REQUEST: 
GET http://portscan.ru/ HTTP/1.1
Host: portscan.ru
Proxy-Connection: keep-alive
Cache-Control: max-age=0
Accept: text/html,application/xhtml+xml,application/xml;q=0.9,image/webp,*/*;q=0.8
Upgrade-Insecure-Requests: 1
User-Agent: Mozilla/5.0 (Windows NT 6.1; WOW64) AppleWebKit/537.36 (KHTML, like Gecko) Chrome/48.0.2564.116 Safari/537.36
Accept-Encoding: gzip, deflate, sdch
Accept-Language: uk-UA,uk;q=0.8,ru;q=0.6,en-US;q=0.4,en;q=0.2
Cookie: _ym_uid=1455283662407492012; PHPSESSID=910986a453229a57d394f007caf5f811


07-03-2016 15:26:13 DEBUG HttpRequestHandler:152 - 
+ PROXY: CURRENT TIME IS: 15:26:13
CLIENTS 1 REQUEST: 
GET http://portscan.ru/ HTTP/1.1
Host: portscan.ru
Proxy-Connection: keep-alive
Cache-Control: max-age=0
Accept: text/html,application/xhtml+xml,application/xml;q=0.9,image/webp,*/*;q=0.8
Upgrade-Insecure-Requests: 1
User-Agent: Mozilla/5.0 (Windows NT 6.1; WOW64) AppleWebKit/537.36 (KHTML, like Gecko) Chrome/48.0.2564.116 Safari/537.36
Accept-Encoding: gzip, deflate, sdch
Accept-Language: uk-UA,uk;q=0.8,ru;q=0.6,en-US;q=0.4,en;q=0.2
Cookie: _ym_uid=1455283662407492012; PHPSESSID=910986a453229a57d394f007caf5f811


07-03-2016 15:26:13 DEBUG ClientsBrowserAnalyzer:40 - Добавляю 3-й браузер Google Chrome в базу

07-03-2016 15:26:13 DEBUG ClientsBrowserAnalyzer:40 - Добавляю 3-й браузер Google Chrome в базу

07-03-2016 15:26:13 DEBUG ClientsBrowserAnalyzer:40 - Добавляю 3-й браузер Google Chrome в базу

07-03-2016 15:26:13 DEBUG ClientsBrowserAnalyzer:40 - Добавляю 4-й браузер Google Chrome в базу

07-03-2016 15:26:13 DEBUG HttpRequestHandler:152 - 
+ PROXY: CURRENT TIME IS: 15:26:13
CLIENTS 1 REQUEST: 
GET http://portscan.ru/ HTTP/1.1
Host: portscan.ru
Proxy-Connection: keep-alive
Cache-Control: max-age=0
Accept: text/html,application/xhtml+xml,application/xml;q=0.9,image/webp,*/*;q=0.8
Upgrade-Insecure-Requests: 1
User-Agent: Mozilla/5.0 (Windows NT 6.1; WOW64) AppleWebKit/537.36 (KHTML, like Gecko) Chrome/48.0.2564.116 Safari/537.36
Accept-Encoding: gzip, deflate, sdch
Accept-Language: uk-UA,uk;q=0.8,ru;q=0.6,en-US;q=0.4,en;q=0.2
Cookie: _ym_uid=1455283662407492012; PHPSESSID=910986a453229a57d394f007caf5f811


07-03-2016 15:26:13 DEBUG HttpRequestHandler:152 - 
+ PROXY: CURRENT TIME IS: 15:26:13
CLIENTS 1 REQUEST: 
GET http://portscan.ru/ HTTP/1.1
Host: portscan.ru
Proxy-Connection: keep-alive
Cache-Control: max-age=0
Accept: text/html,application/xhtml+xml,application/xml;q=0.9,image/webp,*/*;q=0.8
Upgrade-Insecure-Requests: 1
User-Agent: Mozilla/5.0 (Windows NT 6.1; WOW64) AppleWebKit/537.36 (KHTML, like Gecko) Chrome/48.0.2564.116 Safari/537.36
Accept-Encoding: gzip, deflate, sdch
Accept-Language: uk-UA,uk;q=0.8,ru;q=0.6,en-US;q=0.4,en;q=0.2
Cookie: _ym_uid=1455283662407492012; PHPSESSID=910986a453229a57d394f007caf5f811


07-03-2016 15:26:13 INFO  HttpRequestHandler:155 - 
* PROXY: Необходима NTLM аутентификация, возвращаю ошибку 407 клиенту!

07-03-2016 15:26:13 INFO  HttpRequestHandler:155 - 
* PROXY: Необходима NTLM аутентификация, возвращаю ошибку 407 клиенту!

07-03-2016 15:26:13 DEBUG HttpRequestHandler:152 - 
+ PROXY: CURRENT TIME IS: 15:26:13
CLIENTS 1 REQUEST: 
GET http://portscan.ru/ HTTP/1.1
Host: portscan.ru
Proxy-Connection: keep-alive
Cache-Control: max-age=0
Accept: text/html,application/xhtml+xml,application/xml;q=0.9,image/webp,*/*;q=0.8
Upgrade-Insecure-Requests: 1
User-Agent: Mozilla/5.0 (Windows NT 6.1; WOW64) AppleWebKit/537.36 (KHTML, like Gecko) Chrome/48.0.2564.116 Safari/537.36
Accept-Encoding: gzip, deflate, sdch
Accept-Language: uk-UA,uk;q=0.8,ru;q=0.6,en-US;q=0.4,en;q=0.2
Cookie: _ym_uid=1455283662407492012; PHPSESSID=910986a453229a57d394f007caf5f811


07-03-2016 15:26:13 INFO  HttpRequestHandler:155 - 
* PROXY: Необходима NTLM аутентификация, возвращаю ошибку 407 клиенту!

07-03-2016 15:26:13 DEBUG HttpRequestHandler:165 - 
+ PROXY: Client sent after 407: GET http://portscan.ru/ HTTP/1.1
Host: portscan.ru
Proxy-Connection: keep-alive
Cache-Control: max-age=0
Accept: text/html,application/xhtml+xml,application/xml;q=0.9,image/webp,*/*;q=0.8
Upgrade-Insecure-Requests: 1
User-Agent: Mozilla/5.0 (Windows NT 6.1; WOW64) AppleWebKit/537.36 (KHTML, like Gecko) Chrome/48.0.2564.116 Safari/537.36
Accept-Encoding: gzip, deflate, sdch
Accept-Language: uk-UA,uk;q=0.8,ru;q=0.6,en-US;q=0.4,en;q=0.2
Cookie: _ym_uid=1455283662407492012; PHPSESSID=910986a453229a57d394f007caf5f811
Proxy-Authorization: NTLM TlRMTVNTUAABAAAAB7IIogkACQAgAAAABQAFACkAAABTT0ZUU0VSVkVEUDg1Mg==


07-03-2016 15:26:13 DEBUG HttpRequestHandler:167 - 
+ PROXY: type1: TlRMTVNTUAABAAAAB7IIogkACQAgAAAABQAFACkAAABTT0ZUU0VSVkVEUDg1Mg==
07-03-2016 15:26:13 DEBUG HttpRequestHandler:165 - 
+ PROXY: Client sent after 407: GET http://portscan.ru/ HTTP/1.1
Host: portscan.ru
Proxy-Connection: keep-alive
Cache-Control: max-age=0
Accept: text/html,application/xhtml+xml,application/xml;q=0.9,image/webp,*/*;q=0.8
Upgrade-Insecure-Requests: 1
User-Agent: Mozilla/5.0 (Windows NT 6.1; WOW64) AppleWebKit/537.36 (KHTML, like Gecko) Chrome/48.0.2564.116 Safari/537.36
Accept-Encoding: gzip, deflate, sdch
Accept-Language: uk-UA,uk;q=0.8,ru;q=0.6,en-US;q=0.4,en;q=0.2
Cookie: _ym_uid=1455283662407492012; PHPSESSID=910986a453229a57d394f007caf5f811
Proxy-Authorization: NTLM TlRMTVNTUAABAAAAB7IIogkACQAgAAAABQAFACkAAABTT0ZUU0VSVkVEUDg1Mg==


07-03-2016 15:26:13 DEBUG HttpRequestHandler:167 - 
+ PROXY: type1: TlRMTVNTUAABAAAAB7IIogkACQAgAAAABQAFACkAAABTT0ZUU0VSVkVEUDg1Mg==
07-03-2016 15:26:13 INFO  AuthNtlmType1Handler:38 - Domain: SOFTSERVE
Workstation: DP852
07-03-2016 15:26:13 DEBUG AuthNtlmType1Handler:57 - Check: true
07-03-2016 15:26:13 DEBUG HttpRequestHandler:165 - 
+ PROXY: Client sent after 407: GET http://portscan.ru/ HTTP/1.1
Host: portscan.ru
Proxy-Connection: keep-alive
Cache-Control: max-age=0
Accept: text/html,application/xhtml+xml,application/xml;q=0.9,image/webp,*/*;q=0.8
Upgrade-Insecure-Requests: 1
User-Agent: Mozilla/5.0 (Windows NT 6.1; WOW64) AppleWebKit/537.36 (KHTML, like Gecko) Chrome/48.0.2564.116 Safari/537.36
Accept-Encoding: gzip, deflate, sdch
Accept-Language: uk-UA,uk;q=0.8,ru;q=0.6,en-US;q=0.4,en;q=0.2
Cookie: _ym_uid=1455283662407492012; PHPSESSID=910986a453229a57d394f007caf5f811
Proxy-Authorization: NTLM TlRMTVNTUAABAAAAB7IIogkACQAgAAAABQAFACkAAABTT0ZUU0VSVkVEUDg1Mg==


07-03-2016 15:26:13 DEBUG HttpRequestHandler:167 - 
+ PROXY: type1: TlRMTVNTUAABAAAAB7IIogkACQAgAAAABQAFACkAAABTT0ZUU0VSVkVEUDg1Mg==
07-03-2016 15:26:13 INFO  HttpRequestHandler:155 - 
* PROXY: Необходима NTLM аутентификация, возвращаю ошибку 407 клиенту!

07-03-2016 15:26:13 DEBUG HttpRequestHandler:165 - 
+ PROXY: Client sent after 407: GET http://portscan.ru/ HTTP/1.1
Host: portscan.ru
Proxy-Connection: keep-alive
Cache-Control: max-age=0
Accept: text/html,application/xhtml+xml,application/xml;q=0.9,image/webp,*/*;q=0.8
Upgrade-Insecure-Requests: 1
User-Agent: Mozilla/5.0 (Windows NT 6.1; WOW64) AppleWebKit/537.36 (KHTML, like Gecko) Chrome/48.0.2564.116 Safari/537.36
Accept-Encoding: gzip, deflate, sdch
Accept-Language: uk-UA,uk;q=0.8,ru;q=0.6,en-US;q=0.4,en;q=0.2
Cookie: _ym_uid=1455283662407492012; PHPSESSID=910986a453229a57d394f007caf5f811
Proxy-Authorization: NTLM TlRMTVNTUAABAAAAB7IIogkACQAgAAAABQAFACkAAABTT0ZUU0VSVkVEUDg1Mg==


07-03-2016 15:26:13 DEBUG HttpRequestHandler:167 - 
+ PROXY: type1: TlRMTVNTUAABAAAAB7IIogkACQAgAAAABQAFACkAAABTT0ZUU0VSVkVEUDg1Mg==
07-03-2016 15:26:13 INFO  AuthNtlmType1Handler:38 - Domain: SOFTSERVE
Workstation: DP852
07-03-2016 15:26:13 INFO  HttpRequestHandler:155 - 
* PROXY: Необходима NTLM аутентификация, возвращаю ошибку 407 клиенту!

07-03-2016 15:26:13 DEBUG HttpRequestHandler:152 - 
+ PROXY: CURRENT TIME IS: 15:26:13
CLIENTS 1 REQUEST: 
GET http://portscan.ru/ HTTP/1.1
Host: portscan.ru
Proxy-Connection: keep-alive
Cache-Control: max-age=0
Accept: text/html,application/xhtml+xml,application/xml;q=0.9,image/webp,*/*;q=0.8
Upgrade-Insecure-Requests: 1
User-Agent: Mozilla/5.0 (Windows NT 6.1; WOW64) AppleWebKit/537.36 (KHTML, like Gecko) Chrome/48.0.2564.116 Safari/537.36
Accept-Encoding: gzip, deflate, sdch
Accept-Language: uk-UA,uk;q=0.8,ru;q=0.6,en-US;q=0.4,en;q=0.2
Cookie: _ym_uid=1455283662407492012; PHPSESSID=910986a453229a57d394f007caf5f811


07-03-2016 15:26:13 DEBUG AuthNtlmType2Maker:40 - 
type2 decoded value: Type2Message[target=testTarget,challenge=<13 bytes>,context=<11 bytes>,targetInformation=<17 bytes>,flags=0xA208B207]

07-03-2016 15:26:13 INFO  HttpRequestHandler:172 - 
+ PROXY: Chellenge was sent to client
07-03-2016 15:26:13 INFO  HttpRequestHandler:155 - 
* PROXY: Необходима NTLM аутентификация, возвращаю ошибку 407 клиенту!

07-03-2016 15:26:13 DEBUG AuthNtlmType1Handler:57 - Check: true
07-03-2016 15:26:13 DEBUG HttpRequestHandler:165 - 
+ PROXY: Client sent after 407: GET http://portscan.ru/ HTTP/1.1
Host: portscan.ru
Proxy-Connection: keep-alive
Cache-Control: max-age=0
Accept: text/html,application/xhtml+xml,application/xml;q=0.9,image/webp,*/*;q=0.8
Upgrade-Insecure-Requests: 1
User-Agent: Mozilla/5.0 (Windows NT 6.1; WOW64) AppleWebKit/537.36 (KHTML, like Gecko) Chrome/48.0.2564.116 Safari/537.36
Accept-Encoding: gzip, deflate, sdch
Accept-Language: uk-UA,uk;q=0.8,ru;q=0.6,en-US;q=0.4,en;q=0.2
Cookie: _ym_uid=1455283662407492012; PHPSESSID=910986a453229a57d394f007caf5f811
Proxy-Authorization: NTLM TlRMTVNTUAABAAAAB7IIogkACQAgAAAABQAFACkAAABTT0ZUU0VSVkVEUDg1Mg==


07-03-2016 15:26:13 INFO  AuthNtlmType1Handler:38 - Domain: SOFTSERVE
Workstation: DP852
07-03-2016 15:26:13 INFO  AuthNtlmType1Handler:38 - Domain: SOFTSERVE
Workstation: DP852
07-03-2016 15:26:13 DEBUG AuthNtlmType1Handler:57 - Check: true
07-03-2016 15:26:13 DEBUG AuthNtlmType2Maker:40 - 
type2 decoded value: Type2Message[target=testTarget,challenge=<13 bytes>,context=<11 bytes>,targetInformation=<17 bytes>,flags=0xA208B207]

07-03-2016 15:26:13 DEBUG ClientsBrowserAnalyzer:40 - Добавляю 4-й браузер Google Chrome в базу

07-03-2016 15:26:13 DEBUG AuthNtlmType1Handler:57 - Check: true
07-03-2016 15:26:13 DEBUG AuthNtlmType2Maker:40 - 
type2 decoded value: Type2Message[target=testTarget,challenge=<13 bytes>,context=<11 bytes>,targetInformation=<17 bytes>,flags=0xA208B207]

07-03-2016 15:26:13 INFO  HttpRequestHandler:172 - 
+ PROXY: Chellenge was sent to client
07-03-2016 15:26:13 DEBUG HttpRequestHandler:165 - 
+ PROXY: Client sent after 407: GET http://portscan.ru/ HTTP/1.1
Host: portscan.ru
Proxy-Connection: keep-alive
Cache-Control: max-age=0
Accept: text/html,application/xhtml+xml,application/xml;q=0.9,image/webp,*/*;q=0.8
Upgrade-Insecure-Requests: 1
User-Agent: Mozilla/5.0 (Windows NT 6.1; WOW64) AppleWebKit/537.36 (KHTML, like Gecko) Chrome/48.0.2564.116 Safari/537.36
Accept-Encoding: gzip, deflate, sdch
Accept-Language: uk-UA,uk;q=0.8,ru;q=0.6,en-US;q=0.4,en;q=0.2
Cookie: _ym_uid=1455283662407492012; PHPSESSID=910986a453229a57d394f007caf5f811
Proxy-Authorization: NTLM TlRMTVNTUAABAAAAB7IIogkACQAgAAAABQAFACkAAABTT0ZUU0VSVkVEUDg1Mg==


07-03-2016 15:26:13 DEBUG HttpRequestHandler:167 - 
+ PROXY: type1: TlRMTVNTUAABAAAAB7IIogkACQAgAAAABQAFACkAAABTT0ZUU0VSVkVEUDg1Mg==
07-03-2016 15:26:13 DEBUG ClientsBrowserAnalyzer:40 - Добавляю 4-й браузер Google Chrome в базу

07-03-2016 15:26:13 DEBUG HttpRequestHandler:167 - 
+ PROXY: type1: TlRMTVNTUAABAAAAB7IIogkACQAgAAAABQAFACkAAABTT0ZUU0VSVkVEUDg1Mg==
07-03-2016 15:26:13 DEBUG AuthNtlmType2Maker:40 - 
type2 decoded value: Type2Message[target=testTarget,challenge=<13 bytes>,context=<11 bytes>,targetInformation=<17 bytes>,flags=0xA208B207]

07-03-2016 15:26:13 DEBUG HttpRequestHandler:165 - 
+ PROXY: Client sent after 407: GET http://portscan.ru/ HTTP/1.1
Host: portscan.ru
Proxy-Connection: keep-alive
Cache-Control: max-age=0
Accept: text/html,application/xhtml+xml,application/xml;q=0.9,image/webp,*/*;q=0.8
Upgrade-Insecure-Requests: 1
User-Agent: Mozilla/5.0 (Windows NT 6.1; WOW64) AppleWebKit/537.36 (KHTML, like Gecko) Chrome/48.0.2564.116 Safari/537.36
Accept-Encoding: gzip, deflate, sdch
Accept-Language: uk-UA,uk;q=0.8,ru;q=0.6,en-US;q=0.4,en;q=0.2
Cookie: _ym_uid=1455283662407492012; PHPSESSID=910986a453229a57d394f007caf5f811
Proxy-Authorization: NTLM TlRMTVNTUAABAAAAB7IIogkACQAgAAAABQAFACkAAABTT0ZUU0VSVkVEUDg1Mg==


07-03-2016 15:26:13 DEBUG HttpRequestHandler:167 - 
+ PROXY: type1: TlRMTVNTUAABAAAAB7IIogkACQAgAAAABQAFACkAAABTT0ZUU0VSVkVEUDg1Mg==
07-03-2016 15:26:13 DEBUG HttpRequestHandler:152 - 
+ PROXY: CURRENT TIME IS: 15:26:13
CLIENTS 1 REQUEST: 
GET http://portscan.ru/ HTTP/1.1
Host: portscan.ru
Proxy-Connection: keep-alive
Cache-Control: max-age=0
Accept: text/html,application/xhtml+xml,application/xml;q=0.9,image/webp,*/*;q=0.8
Upgrade-Insecure-Requests: 1
User-Agent: Mozilla/5.0 (Windows NT 6.1; WOW64) AppleWebKit/537.36 (KHTML, like Gecko) Chrome/48.0.2564.116 Safari/537.36
Accept-Encoding: gzip, deflate, sdch
Accept-Language: uk-UA,uk;q=0.8,ru;q=0.6,en-US;q=0.4,en;q=0.2
Cookie: _ym_uid=1455283662407492012; PHPSESSID=910986a453229a57d394f007caf5f811


07-03-2016 15:26:13 INFO  HttpRequestHandler:155 - 
* PROXY: Необходима NTLM аутентификация, возвращаю ошибку 407 клиенту!

07-03-2016 15:26:13 INFO  AuthNtlmType1Handler:38 - Domain: SOFTSERVE
Workstation: DP852
07-03-2016 15:26:13 DEBUG AuthNtlmType1Handler:57 - Check: true
07-03-2016 15:26:13 DEBUG AuthNtlmType2Maker:40 - 
type2 decoded value: Type2Message[target=testTarget,challenge=<13 bytes>,context=<11 bytes>,targetInformation=<17 bytes>,flags=0xA208B207]

07-03-2016 15:26:13 INFO  HttpRequestHandler:172 - 
+ PROXY: Chellenge was sent to client
07-03-2016 15:26:13 INFO  AuthNtlmType1Handler:38 - Domain: SOFTSERVE
Workstation: DP852
07-03-2016 15:26:13 DEBUG AuthNtlmType1Handler:57 - Check: true
07-03-2016 15:26:13 DEBUG AuthNtlmType2Maker:40 - 
type2 decoded value: Type2Message[target=testTarget,challenge=<13 bytes>,context=<11 bytes>,targetInformation=<17 bytes>,flags=0xA208B207]

07-03-2016 15:26:13 INFO  HttpRequestHandler:172 - 
+ PROXY: Chellenge was sent to client
07-03-2016 15:26:13 INFO  HttpRequestHandler:172 - 
+ PROXY: Chellenge was sent to client
07-03-2016 15:26:13 DEBUG HttpRequestHandler:165 - 
+ PROXY: Client sent after 407: GET http://portscan.ru/ HTTP/1.1
Host: portscan.ru
Proxy-Connection: keep-alive
Cache-Control: max-age=0
Accept: text/html,application/xhtml+xml,application/xml;q=0.9,image/webp,*/*;q=0.8
Upgrade-Insecure-Requests: 1
User-Agent: Mozilla/5.0 (Windows NT 6.1; WOW64) AppleWebKit/537.36 (KHTML, like Gecko) Chrome/48.0.2564.116 Safari/537.36
Accept-Encoding: gzip, deflate, sdch
Accept-Language: uk-UA,uk;q=0.8,ru;q=0.6,en-US;q=0.4,en;q=0.2
Cookie: _ym_uid=1455283662407492012; PHPSESSID=910986a453229a57d394f007caf5f811
Proxy-Authorization: NTLM TlRMTVNTUAABAAAAB7IIogkACQAgAAAABQAFACkAAABTT0ZUU0VSVkVEUDg1Mg==


07-03-2016 15:26:13 DEBUG HttpRequestHandler:167 - 
+ PROXY: type1: TlRMTVNTUAABAAAAB7IIogkACQAgAAAABQAFACkAAABTT0ZUU0VSVkVEUDg1Mg==
07-03-2016 15:26:13 INFO  AuthNtlmType1Handler:38 - Domain: SOFTSERVE
Workstation: DP852
07-03-2016 15:26:13 DEBUG AuthNtlmType1Handler:57 - Check: true
07-03-2016 15:26:13 DEBUG AuthNtlmType2Maker:40 - 
type2 decoded value: Type2Message[target=testTarget,challenge=<13 bytes>,context=<11 bytes>,targetInformation=<17 bytes>,flags=0xA208B207]

07-03-2016 15:26:13 INFO  HttpRequestHandler:172 - 
+ PROXY: Chellenge was sent to client
07-03-2016 15:26:13 DEBUG HttpRequestHandler:152 - 
+ PROXY: CURRENT TIME IS: 15:26:13
CLIENTS 1 REQUEST: 
GET http://portscan.ru/ HTTP/1.1
Host: portscan.ru
Proxy-Connection: keep-alive
Cache-Control: max-age=0
Accept: text/html,application/xhtml+xml,application/xml;q=0.9,image/webp,*/*;q=0.8
Upgrade-Insecure-Requests: 1
User-Agent: Mozilla/5.0 (Windows NT 6.1; WOW64) AppleWebKit/537.36 (KHTML, like Gecko) Chrome/48.0.2564.116 Safari/537.36
Accept-Encoding: gzip, deflate, sdch
Accept-Language: uk-UA,uk;q=0.8,ru;q=0.6,en-US;q=0.4,en;q=0.2
Cookie: _ym_uid=1455283662407492012; PHPSESSID=910986a453229a57d394f007caf5f811


07-03-2016 15:26:13 DEBUG ClientsBrowserAnalyzer:40 - Добавляю 4-й браузер Google Chrome в базу

07-03-2016 15:26:13 DEBUG HttpRequestHandler:152 - 
+ PROXY: CURRENT TIME IS: 15:26:13
CLIENTS 1 REQUEST: 
GET http://portscan.ru/ HTTP/1.1
Host: portscan.ru
Proxy-Connection: keep-alive
Cache-Control: max-age=0
Accept: text/html,application/xhtml+xml,application/xml;q=0.9,image/webp,*/*;q=0.8
Upgrade-Insecure-Requests: 1
User-Agent: Mozilla/5.0 (Windows NT 6.1; WOW64) AppleWebKit/537.36 (KHTML, like Gecko) Chrome/48.0.2564.116 Safari/537.36
Accept-Encoding: gzip, deflate, sdch
Accept-Language: uk-UA,uk;q=0.8,ru;q=0.6,en-US;q=0.4,en;q=0.2
Cookie: _ym_uid=1455283662407492012; PHPSESSID=910986a453229a57d394f007caf5f811


07-03-2016 15:26:13 INFO  HttpRequestHandler:155 - 
* PROXY: Необходима NTLM аутентификация, возвращаю ошибку 407 клиенту!

07-03-2016 15:26:13 DEBUG HttpRequestHandler:165 - 
+ PROXY: Client sent after 407: GET http://portscan.ru/ HTTP/1.1
Host: portscan.ru
Proxy-Connection: keep-alive
Cache-Control: max-age=0
Accept: text/html,application/xhtml+xml,application/xml;q=0.9,image/webp,*/*;q=0.8
Upgrade-Insecure-Requests: 1
User-Agent: Mozilla/5.0 (Windows NT 6.1; WOW64) AppleWebKit/537.36 (KHTML, like Gecko) Chrome/48.0.2564.116 Safari/537.36
Accept-Encoding: gzip, deflate, sdch
Accept-Language: uk-UA,uk;q=0.8,ru;q=0.6,en-US;q=0.4,en;q=0.2
Cookie: _ym_uid=1455283662407492012; PHPSESSID=910986a453229a57d394f007caf5f811
Proxy-Authorization: NTLM TlRMTVNTUAABAAAAB7IIogkACQAgAAAABQAFACkAAABTT0ZUU0VSVkVEUDg1Mg==


07-03-2016 15:26:13 DEBUG HttpRequestHandler:167 - 
+ PROXY: type1: TlRMTVNTUAABAAAAB7IIogkACQAgAAAABQAFACkAAABTT0ZUU0VSVkVEUDg1Mg==
07-03-2016 15:26:13 INFO  AuthNtlmType1Handler:38 - Domain: SOFTSERVE
Workstation: DP852
07-03-2016 15:26:13 DEBUG AuthNtlmType1Handler:57 - Check: true
07-03-2016 15:26:13 DEBUG AuthNtlmType2Maker:40 - 
type2 decoded value: Type2Message[target=testTarget,challenge=<13 bytes>,context=<11 bytes>,targetInformation=<17 bytes>,flags=0xA208B207]

07-03-2016 15:26:13 INFO  HttpRequestHandler:172 - 
+ PROXY: Chellenge was sent to client
07-03-2016 15:26:13 INFO  HttpRequestHandler:155 - 
* PROXY: Необходима NTLM аутентификация, возвращаю ошибку 407 клиенту!

07-03-2016 15:26:13 INFO  AuthNtlmType1Handler:38 - Domain: SOFTSERVE
Workstation: DP852
07-03-2016 15:26:13 DEBUG AuthNtlmType1Handler:57 - Check: true
07-03-2016 15:26:13 DEBUG AuthNtlmType2Maker:40 - 
type2 decoded value: Type2Message[target=testTarget,challenge=<13 bytes>,context=<11 bytes>,targetInformation=<17 bytes>,flags=0xA208B207]

07-03-2016 15:26:13 INFO  HttpRequestHandler:172 - 
+ PROXY: Chellenge was sent to client
07-03-2016 15:26:13 INFO  HttpRequestHandler:172 - 
+ PROXY: Chellenge was sent to client
07-03-2016 15:26:13 DEBUG HttpRequestHandler:165 - 
+ PROXY: Client sent after 407: GET http://portscan.ru/ HTTP/1.1
Host: portscan.ru
Proxy-Connection: keep-alive
Cache-Control: max-age=0
Accept: text/html,application/xhtml+xml,application/xml;q=0.9,image/webp,*/*;q=0.8
Upgrade-Insecure-Requests: 1
User-Agent: Mozilla/5.0 (Windows NT 6.1; WOW64) AppleWebKit/537.36 (KHTML, like Gecko) Chrome/48.0.2564.116 Safari/537.36
Accept-Encoding: gzip, deflate, sdch
Accept-Language: uk-UA,uk;q=0.8,ru;q=0.6,en-US;q=0.4,en;q=0.2
Cookie: _ym_uid=1455283662407492012; PHPSESSID=910986a453229a57d394f007caf5f811
Proxy-Authorization: NTLM TlRMTVNTUAABAAAAB7IIogkACQAgAAAABQAFACkAAABTT0ZUU0VSVkVEUDg1Mg==


07-03-2016 15:26:13 DEBUG HttpRequestHandler:167 - 
+ PROXY: type1: TlRMTVNTUAABAAAAB7IIogkACQAgAAAABQAFACkAAABTT0ZUU0VSVkVEUDg1Mg==
07-03-2016 15:26:13 INFO  AuthNtlmType1Handler:38 - Domain: SOFTSERVE
Workstation: DP852
07-03-2016 15:26:13 DEBUG AuthNtlmType1Handler:57 - Check: true
07-03-2016 15:26:13 DEBUG AuthNtlmType2Maker:40 - 
type2 decoded value: Type2Message[target=testTarget,challenge=<13 bytes>,context=<11 bytes>,targetInformation=<17 bytes>,flags=0xA208B207]

07-03-2016 15:26:13 INFO  HttpRequestHandler:172 - 
+ PROXY: Chellenge was sent to client
07-03-2016 15:26:13 DEBUG HttpRequestHandler:175 - 
+ PROXY: Clients Response (with Type3): GET http://portscan.ru/ HTTP/1.1
Host: portscan.ru
Proxy-Connection: keep-alive
Cache-Control: max-age=0
Accept: text/html,application/xhtml+xml,application/xml;q=0.9,image/webp,*/*;q=0.8
Upgrade-Insecure-Requests: 1
User-Agent: Mozilla/5.0 (Windows NT 6.1; WOW64) AppleWebKit/537.36 (KHTML, like Gecko) Chrome/48.0.2564.116 Safari/537.36
Accept-Encoding: gzip, deflate, sdch
Accept-Language: uk-UA,uk;q=0.8,ru;q=0.6,en-US;q=0.4,en;q=0.2
Cookie: _ym_uid=1455283662407492012; PHPSESSID=910986a453229a57d394f007caf5f811
Proxy-Authorization: NTLM TlRMTVNTUAADAAAAGAAYAEAAAABBAEEAWAAAABIAEgCZAAAAEAAQAKsAAAAKAAoAuwAAAAAAAAAAAAAAB7KIouxuwa3mkWaVu6dXCw8Md26W8kYFs9/ZvcCWAlaVYJWS9SiLjTHvozoBAQAAAAAAANBmbet0eNEBsD0A0SGkfgYAAAAAdGFyZ2V0SW5mb3JtYXRpb24AAAAAUwBPAEYAVABTAEUAUgBWAEUAbwBzAHkAbgBpAGEAZQB2AEQAUAA4ADUAMgA=
07-03-2016 15:26:13 DEBUG HttpRequestHandler:175 - 
+ PROXY: Clients Response (with Type3): GET http://portscan.ru/ HTTP/1.1
Host: portscan.ru
Proxy-Connection: keep-alive
Cache-Control: max-age=0
Accept: text/html,application/xhtml+xml,application/xml;q=0.9,image/webp,*/*;q=0.8
Upgrade-Insecure-Requests: 1
User-Agent: Mozilla/5.0 (Windows NT 6.1; WOW64) AppleWebKit/537.36 (KHTML, like Gecko) Chrome/48.0.2564.116 Safari/537.36
Accept-Encoding: gzip, deflate, sdch
Accept-Language: uk-UA,uk;q=0.8,ru;q=0.6,en-US;q=0.4,en;q=0.2
Cookie: _ym_uid=1455283662407492012; PHPSESSID=910986a453229a57d394f007caf5f811
Proxy-Authorization: NTLM TlRMTVNTUAADAAAAGAAYAEAAAABBAEEAWAAAABIAEgCZAAAAEAAQAKsAAAAKAAoAuwAAAAAAAAAAAAAAB7KIol6cZ3Yf7dyEx2MXVYl0M7pxCmw33MKccIHNK6EQYmBA+Bl88Qs3Q0IBAQAAAAAAAMA/bet0eNEB46cg2txXRU8AAAAAdGFyZ2V0SW5mb3JtYXRpb24AAAAAUwBPAEYAVABTAEUAUgBWAEUAbwBzAHkAbgBpAGEAZQB2AEQAUAA4ADUAMgA=
07-03-2016 15:26:13 DEBUG HttpRequestHandler:175 - 
+ PROXY: Clients Response (with Type3): GET http://portscan.ru/ HTTP/1.1
Host: portscan.ru
Proxy-Connection: keep-alive
Cache-Control: max-age=0
Accept: text/html,application/xhtml+xml,application/xml;q=0.9,image/webp,*/*;q=0.8
Upgrade-Insecure-Requests: 1
User-Agent: Mozilla/5.0 (Windows NT 6.1; WOW64) AppleWebKit/537.36 (KHTML, like Gecko) Chrome/48.0.2564.116 Safari/537.36
Accept-Encoding: gzip, deflate, sdch
Accept-Language: uk-UA,uk;q=0.8,ru;q=0.6,en-US;q=0.4,en;q=0.2
Cookie: _ym_uid=1455283662407492012; PHPSESSID=910986a453229a57d394f007caf5f811
Proxy-Authorization: NTLM TlRMTVNTUAADAAAAGAAYAEAAAABBAEEAWAAAABIAEgCZAAAAEAAQAKsAAAAKAAoAuwAAAAAAAAAAAAAAB7KIomCq5VYs9OlN6H3I6AMEEPXkX+JREDXhNc51biRJAUeombrXLB0T8MMBAQAAAAAAAMA/bet0eNEBOT+0K8l541wAAAAAdGFyZ2V0SW5mb3JtYXRpb24AAAAAUwBPAEYAVABTAEUAUgBWAEUAbwBzAHkAbgBpAGEAZQB2AEQAUAA4ADUAMgA=
07-03-2016 15:26:13 DEBUG HttpRequestHandler:175 - 
+ PROXY: Clients Response (with Type3): GET http://portscan.ru/ HTTP/1.1
Host: portscan.ru
Proxy-Connection: keep-alive
Cache-Control: max-age=0
Accept: text/html,application/xhtml+xml,application/xml;q=0.9,image/webp,*/*;q=0.8
Upgrade-Insecure-Requests: 1
User-Agent: Mozilla/5.0 (Windows NT 6.1; WOW64) AppleWebKit/537.36 (KHTML, like Gecko) Chrome/48.0.2564.116 Safari/537.36
Accept-Encoding: gzip, deflate, sdch
Accept-Language: uk-UA,uk;q=0.8,ru;q=0.6,en-US;q=0.4,en;q=0.2
Cookie: _ym_uid=1455283662407492012; PHPSESSID=910986a453229a57d394f007caf5f811
Proxy-Authorization: NTLM TlRMTVNTUAADAAAAGAAYAEAAAABBAEEAWAAAABIAEgCZAAAAEAAQAKsAAAAKAAoAuwAAAAAAAAAAAAAAB7KIongykdpPvjOzxAB+n1a0Kpz5bi121XgcpN1nZSRl0zgOqXI3U44jX3gBAQAAAAAAANBmbet0eNEB4WkdTx/ud+gAAAAAdGFyZ2V0SW5mb3JtYXRpb24AAAAAUwBPAEYAVABTAEUAUgBWAEUAbwBzAHkAbgBpAGEAZQB2AEQAUAA4ADUAMgA=
07-03-2016 15:26:13 DEBUG HttpRequestParser:81 - hostLine: portscan.ru
07-03-2016 15:26:13 DEBUG HttpRequestHandler:175 - 
+ PROXY: Clients Response (with Type3): GET http://portscan.ru/ HTTP/1.1
Host: portscan.ru
Proxy-Connection: keep-alive
Cache-Control: max-age=0
Accept: text/html,application/xhtml+xml,application/xml;q=0.9,image/webp,*/*;q=0.8
Upgrade-Insecure-Requests: 1
User-Agent: Mozilla/5.0 (Windows NT 6.1; WOW64) AppleWebKit/537.36 (KHTML, like Gecko) Chrome/48.0.2564.116 Safari/537.36
Accept-Encoding: gzip, deflate, sdch
Accept-Language: uk-UA,uk;q=0.8,ru;q=0.6,en-US;q=0.4,en;q=0.2
Cookie: _ym_uid=1455283662407492012; PHPSESSID=910986a453229a57d394f007caf5f811
Proxy-Authorization: NTLM TlRMTVNTUAADAAAAGAAYAEAAAABBAEEAWAAAABIAEgCZAAAAEAAQAKsAAAAKAAoAuwAAAAAAAAAAAAAAB7KIorYQAWAN5NfWaFTd2dbaMLVV4fnEnlHUe7Zh2vm9w4+WUxODhrCXZicBAQAAAAAAANBmbet0eNEBCCeNRhlChMQAAAAAdGFyZ2V0SW5mb3JtYXRpb24AAAAAUwBPAEYAVABTAEUAUgBWAEUAbwBzAHkAbgBpAGEAZQB2AEQAUAA4ADUAMgA=
07-03-2016 15:26:13 DEBUG HttpRequestParser:100 - host: portscan.ru
07-03-2016 15:26:13 DEBUG HttpRequestParser:81 - hostLine: portscan.ru
07-03-2016 15:26:13 DEBUG HttpRequestParser:81 - hostLine: portscan.ru
07-03-2016 15:26:13 DEBUG HttpRequestHandler:175 - 
+ PROXY: Clients Response (with Type3): GET http://portscan.ru/ HTTP/1.1
Host: portscan.ru
Proxy-Connection: keep-alive
Cache-Control: max-age=0
Accept: text/html,application/xhtml+xml,application/xml;q=0.9,image/webp,*/*;q=0.8
Upgrade-Insecure-Requests: 1
User-Agent: Mozilla/5.0 (Windows NT 6.1; WOW64) AppleWebKit/537.36 (KHTML, like Gecko) Chrome/48.0.2564.116 Safari/537.36
Accept-Encoding: gzip, deflate, sdch
Accept-Language: uk-UA,uk;q=0.8,ru;q=0.6,en-US;q=0.4,en;q=0.2
Cookie: _ym_uid=1455283662407492012; PHPSESSID=910986a453229a57d394f007caf5f811
Proxy-Authorization: NTLM TlRMTVNTUAADAAAAGAAYAEAAAABBAEEAWAAAABIAEgCZAAAAEAAQAKsAAAAKAAoAuwAAAAAAAAAAAAAAB7KIojfmHuKWhMAFYqNJc5mpzMGj2cXo1uMnGx72GpBP79ekMSZifuYCXvYBAQAAAAAAAPC0bet0eNEBJ1tWKxPCBAkAAAAAdGFyZ2V0SW5mb3JtYXRpb24AAAAAUwBPAEYAVABTAEUAUgBWAEUAbwBzAHkAbgBpAGEAZQB2AEQAUAA4ADUAMgA=
07-03-2016 15:26:13 DEBUG HttpRequestHandler:175 - 
+ PROXY: Clients Response (with Type3): GET http://portscan.ru/ HTTP/1.1
Host: portscan.ru
Proxy-Connection: keep-alive
Cache-Control: max-age=0
Accept: text/html,application/xhtml+xml,application/xml;q=0.9,image/webp,*/*;q=0.8
Upgrade-Insecure-Requests: 1
User-Agent: Mozilla/5.0 (Windows NT 6.1; WOW64) AppleWebKit/537.36 (KHTML, like Gecko) Chrome/48.0.2564.116 Safari/537.36
Accept-Encoding: gzip, deflate, sdch
Accept-Language: uk-UA,uk;q=0.8,ru;q=0.6,en-US;q=0.4,en;q=0.2
Cookie: _ym_uid=1455283662407492012; PHPSESSID=910986a453229a57d394f007caf5f811
Proxy-Authorization: NTLM TlRMTVNTUAADAAAAGAAYAEAAAABBAEEAWAAAABIAEgCZAAAAEAAQAKsAAAAKAAoAuwAAAAAAAAAAAAAAB7KIov2tcl1qIh9gdxvpjhmXgRmz8LiA02KH2w+RWmvVnWQalII5zV1n3+IBAQAAAAAAAADcbet0eNEBJl4fTnV4lCwAAAAAdGFyZ2V0SW5mb3JtYXRpb24AAAAAUwBPAEYAVABTAEUAUgBWAEUAbwBzAHkAbgBpAGEAZQB2AEQAUAA4ADUAMgA=
07-03-2016 15:26:13 DEBUG HttpRequestParser:81 - hostLine: portscan.ru
07-03-2016 15:26:13 DEBUG HttpRequestParser:100 - host: portscan.ru
07-03-2016 15:26:13 DEBUG HttpRequestParser:81 - hostLine: portscan.ru
07-03-2016 15:26:13 DEBUG HttpRequestParser:125 - port = 80
07-03-2016 15:26:13 DEBUG HttpRequestParser:81 - hostLine: portscan.ru
07-03-2016 15:26:13 DEBUG HttpRequestParser:100 - host: portscan.ru
07-03-2016 15:26:13 DEBUG HttpRequestParser:81 - hostLine: portscan.ru
07-03-2016 15:26:13 DEBUG HttpRequestParser:125 - port = 80
07-03-2016 15:26:13 INFO  HttpRequestHandler:98 -  * PROXY: Подключение к portscan.ru:80
07-03-2016 15:26:13 DEBUG HttpRequestParser:81 - hostLine: portscan.ru
07-03-2016 15:26:13 DEBUG HttpRequestParser:100 - host: portscan.ru
07-03-2016 15:26:13 DEBUG HttpRequestParser:81 - hostLine: portscan.ru
07-03-2016 15:26:13 DEBUG HttpRequestParser:81 - hostLine: portscan.ru
07-03-2016 15:26:13 INFO  HttpRequestHandler:98 -  * PROXY: Подключение к portscan.ru:80
07-03-2016 15:26:13 DEBUG HttpRequestParser:125 - port = 80
07-03-2016 15:26:13 DEBUG HttpRequestHandler:175 - 
+ PROXY: Clients Response (with Type3): GET http://portscan.ru/ HTTP/1.1
Host: portscan.ru
Proxy-Connection: keep-alive
Cache-Control: max-age=0
Accept: text/html,application/xhtml+xml,application/xml;q=0.9,image/webp,*/*;q=0.8
Upgrade-Insecure-Requests: 1
User-Agent: Mozilla/5.0 (Windows NT 6.1; WOW64) AppleWebKit/537.36 (KHTML, like Gecko) Chrome/48.0.2564.116 Safari/537.36
Accept-Encoding: gzip, deflate, sdch
Accept-Language: uk-UA,uk;q=0.8,ru;q=0.6,en-US;q=0.4,en;q=0.2
Cookie: _ym_uid=1455283662407492012; PHPSESSID=910986a453229a57d394f007caf5f811
Proxy-Authorization: NTLM TlRMTVNTUAADAAAAGAAYAEAAAABBAEEAWAAAABIAEgCZAAAAEAAQAKsAAAAKAAoAuwAAAAAAAAAAAAAAB7KIoqT6uSYTofQftuWF8gg7CJ5Lmi8emLIb+1mws2iRoFsu4RH46X61ihMBAQAAAAAAAADcbet0eNEBwJjNa7t8rjoAAAAAdGFyZ2V0SW5mb3JtYXRpb24AAAAAUwBPAEYAVABTAEUAUgBWAEUAbwBzAHkAbgBpAGEAZQB2AEQAUAA4ADUAMgA=
07-03-2016 15:26:13 DEBUG HttpRequestParser:100 - host: portscan.ru
07-03-2016 15:26:13 DEBUG HttpRequestParser:100 - host: portscan.ru
07-03-2016 15:26:13 DEBUG HttpRequestParser:81 - hostLine: portscan.ru
07-03-2016 15:26:13 DEBUG HttpRequestParser:125 - port = 80
07-03-2016 15:26:13 INFO  HttpRequestHandler:98 -  * PROXY: Подключение к portscan.ru:80
07-03-2016 15:26:13 DEBUG HttpRequestParser:81 - hostLine: portscan.ru
07-03-2016 15:26:13 DEBUG HttpRequestParser:125 - port = 80
07-03-2016 15:26:13 INFO  HttpRequestHandler:98 -  * PROXY: Подключение к portscan.ru:80
07-03-2016 15:26:13 INFO  HttpRequestHandler:98 -  * PROXY: Подключение к portscan.ru:80
07-03-2016 15:26:13 DEBUG HttpRequestParser:81 - hostLine: portscan.ru
07-03-2016 15:26:13 DEBUG HttpRequestParser:125 - port = 80
07-03-2016 15:26:13 INFO  HttpRequestHandler:98 -  * PROXY: Подключение к portscan.ru:80
07-03-2016 15:26:13 DEBUG HttpRequestParser:100 - host: portscan.ru
07-03-2016 15:26:13 DEBUG HttpRequestParser:81 - hostLine: portscan.ru
07-03-2016 15:26:13 DEBUG HttpRequestParser:125 - port = 80
07-03-2016 15:26:13 INFO  HttpRequestHandler:98 -  * PROXY: Подключение к portscan.ru:80
07-03-2016 15:26:13 DEBUG HttpRequestParser:81 - hostLine: portscan.ru
07-03-2016 15:26:13 DEBUG HttpRequestParser:100 - host: portscan.ru
07-03-2016 15:26:13 DEBUG HttpRequestHandler:175 - 
+ PROXY: Clients Response (with Type3): GET http://portscan.ru/ HTTP/1.1
Host: portscan.ru
Proxy-Connection: keep-alive
Cache-Control: max-age=0
Accept: text/html,application/xhtml+xml,application/xml;q=0.9,image/webp,*/*;q=0.8
Upgrade-Insecure-Requests: 1
User-Agent: Mozilla/5.0 (Windows NT 6.1; WOW64) AppleWebKit/537.36 (KHTML, like Gecko) Chrome/48.0.2564.116 Safari/537.36
Accept-Encoding: gzip, deflate, sdch
Accept-Language: uk-UA,uk;q=0.8,ru;q=0.6,en-US;q=0.4,en;q=0.2
Cookie: _ym_uid=1455283662407492012; PHPSESSID=910986a453229a57d394f007caf5f811
Proxy-Authorization: NTLM TlRMTVNTUAADAAAAGAAYAEAAAABBAEEAWAAAABIAEgCZAAAAEAAQAKsAAAAKAAoAuwAAAAAAAAAAAAAAB7KIoiOtnNAbHuONRWl9R0X4QlzsK2q+XqKCpWKZmVr+0CNoOfEEdT5fivkBAQAAAAAAAADcbet0eNEBhfVdOjHQDBYAAAAAdGFyZ2V0SW5mb3JtYXRpb24AAAAAUwBPAEYAVABTAEUAUgBWAEUAbwBzAHkAbgBpAGEAZQB2AEQAUAA4ADUAMgA=
07-03-2016 15:26:13 DEBUG HttpRequestParser:81 - hostLine: portscan.ru
07-03-2016 15:26:13 DEBUG HttpRequestParser:125 - port = 80
07-03-2016 15:26:13 DEBUG HttpRequestParser:81 - hostLine: portscan.ru
07-03-2016 15:26:13 INFO  HttpRequestHandler:98 -  * PROXY: Подключение к portscan.ru:80
07-03-2016 15:26:13 DEBUG HttpRequestParser:100 - host: portscan.ru
07-03-2016 15:26:13 DEBUG HttpRequestParser:81 - hostLine: portscan.ru
07-03-2016 15:26:13 DEBUG HttpRequestParser:125 - port = 80
07-03-2016 15:26:13 INFO  HttpRequestHandler:98 -  * PROXY: Подключение к portscan.ru:80
07-03-2016 15:26:13 DEBUG HttpRequestHandler:175 - 
+ PROXY: Clients Response (with Type3): GET http://portscan.ru/ HTTP/1.1
Host: portscan.ru
Proxy-Connection: keep-alive
Cache-Control: max-age=0
Accept: text/html,application/xhtml+xml,application/xml;q=0.9,image/webp,*/*;q=0.8
Upgrade-Insecure-Requests: 1
User-Agent: Mozilla/5.0 (Windows NT 6.1; WOW64) AppleWebKit/537.36 (KHTML, like Gecko) Chrome/48.0.2564.116 Safari/537.36
Accept-Encoding: gzip, deflate, sdch
Accept-Language: uk-UA,uk;q=0.8,ru;q=0.6,en-US;q=0.4,en;q=0.2
Cookie: _ym_uid=1455283662407492012; PHPSESSID=910986a453229a57d394f007caf5f811
Proxy-Authorization: NTLM TlRMTVNTUAADAAAAGAAYAEAAAABBAEEAWAAAABIAEgCZAAAAEAAQAKsAAAAKAAoAuwAAAAAAAAAAAAAAB7KIop2raOLiqUsamXQe7ZOoPjZuJiPIIO6GNXlYadNdnguxvf7UukbWwl0BAQAAAAAAANBmbet0eNEBiZ58ZgJamawAAAAAdGFyZ2V0SW5mb3JtYXRpb24AAAAAUwBPAEYAVABTAEUAUgBWAEUAbwBzAHkAbgBpAGEAZQB2AEQAUAA4ADUAMgA=
07-03-2016 15:26:13 DEBUG HttpRequestParser:81 - hostLine: portscan.ru
07-03-2016 15:26:13 DEBUG HttpRequestParser:100 - host: portscan.ru
07-03-2016 15:26:13 DEBUG HttpRequestParser:81 - hostLine: portscan.ru
07-03-2016 15:26:13 DEBUG HttpRequestParser:125 - port = 80
07-03-2016 15:26:13 INFO  HttpRequestHandler:98 -  * PROXY: Подключение к portscan.ru:80
07-03-2016 15:26:13 DEBUG HttpRequestHandler:104 -  * PROXY: Header GET http://portscan.ru/ HTTP/1.1
Host: portscan.ru
Proxy-Connection: keep-alive
Cache-Control: max-age=0
Accept: text/html,application/xhtml+xml,application/xml;q=0.9,image/webp,*/*;q=0.8
Upgrade-Insecure-Requests: 1
User-Agent: Mozilla/5.0 (Windows NT 6.1; WOW64) AppleWebKit/537.36 (KHTML, like Gecko) Chrome/48.0.2564.116 Safari/537.36
Accept-Encoding: gzip, deflate, sdch
Accept-Language: uk-UA,uk;q=0.8,ru;q=0.6,en-US;q=0.4,en;q=0.2
Cookie: _ym_uid=1455283662407492012; PHPSESSID=910986a453229a57d394f007caf5f811



Oтправлен portscan.ru:80

07-03-2016 15:26:13 INFO  HttpRequestHandler:106 -  * PROXY: Читаю ответ от portscan.ru:80
07-03-2016 15:26:13 DEBUG HttpRequestHandler:104 -  * PROXY: Header GET http://portscan.ru/ HTTP/1.1
Host: portscan.ru
Proxy-Connection: keep-alive
Cache-Control: max-age=0
Accept: text/html,application/xhtml+xml,application/xml;q=0.9,image/webp,*/*;q=0.8
Upgrade-Insecure-Requests: 1
User-Agent: Mozilla/5.0 (Windows NT 6.1; WOW64) AppleWebKit/537.36 (KHTML, like Gecko) Chrome/48.0.2564.116 Safari/537.36
Accept-Encoding: gzip, deflate, sdch
Accept-Language: uk-UA,uk;q=0.8,ru;q=0.6,en-US;q=0.4,en;q=0.2
Cookie: _ym_uid=1455283662407492012; PHPSESSID=910986a453229a57d394f007caf5f811



Oтправлен portscan.ru:80

07-03-2016 15:26:13 INFO  HttpRequestHandler:106 -  * PROXY: Читаю ответ от portscan.ru:80
07-03-2016 15:26:13 DEBUG HttpRequestHandler:104 -  * PROXY: Header GET http://portscan.ru/ HTTP/1.1
Host: portscan.ru
Proxy-Connection: keep-alive
Cache-Control: max-age=0
Accept: text/html,application/xhtml+xml,application/xml;q=0.9,image/webp,*/*;q=0.8
Upgrade-Insecure-Requests: 1
User-Agent: Mozilla/5.0 (Windows NT 6.1; WOW64) AppleWebKit/537.36 (KHTML, like Gecko) Chrome/48.0.2564.116 Safari/537.36
Accept-Encoding: gzip, deflate, sdch
Accept-Language: uk-UA,uk;q=0.8,ru;q=0.6,en-US;q=0.4,en;q=0.2
Cookie: _ym_uid=1455283662407492012; PHPSESSID=910986a453229a57d394f007caf5f811



Oтправлен portscan.ru:80

07-03-2016 15:26:13 DEBUG HttpRequestHandler:104 -  * PROXY: Header GET http://portscan.ru/ HTTP/1.1
Host: portscan.ru
Proxy-Connection: keep-alive
Cache-Control: max-age=0
Accept: text/html,application/xhtml+xml,application/xml;q=0.9,image/webp,*/*;q=0.8
Upgrade-Insecure-Requests: 1
User-Agent: Mozilla/5.0 (Windows NT 6.1; WOW64) AppleWebKit/537.36 (KHTML, like Gecko) Chrome/48.0.2564.116 Safari/537.36
Accept-Encoding: gzip, deflate, sdch
Accept-Language: uk-UA,uk;q=0.8,ru;q=0.6,en-US;q=0.4,en;q=0.2
Cookie: _ym_uid=1455283662407492012; PHPSESSID=910986a453229a57d394f007caf5f811



Oтправлен portscan.ru:80

07-03-2016 15:26:13 INFO  HttpRequestHandler:106 -  * PROXY: Читаю ответ от portscan.ru:80
07-03-2016 15:26:13 DEBUG HttpRequestHandler:104 -  * PROXY: Header GET http://portscan.ru/ HTTP/1.1
Host: portscan.ru
Proxy-Connection: keep-alive
Cache-Control: max-age=0
Accept: text/html,application/xhtml+xml,application/xml;q=0.9,image/webp,*/*;q=0.8
Upgrade-Insecure-Requests: 1
User-Agent: Mozilla/5.0 (Windows NT 6.1; WOW64) AppleWebKit/537.36 (KHTML, like Gecko) Chrome/48.0.2564.116 Safari/537.36
Accept-Encoding: gzip, deflate, sdch
Accept-Language: uk-UA,uk;q=0.8,ru;q=0.6,en-US;q=0.4,en;q=0.2
Cookie: _ym_uid=1455283662407492012; PHPSESSID=910986a453229a57d394f007caf5f811



Oтправлен portscan.ru:80

07-03-2016 15:26:13 DEBUG HttpRequestHandler:104 -  * PROXY: Header GET http://portscan.ru/ HTTP/1.1
Host: portscan.ru
Proxy-Connection: keep-alive
Cache-Control: max-age=0
Accept: text/html,application/xhtml+xml,application/xml;q=0.9,image/webp,*/*;q=0.8
Upgrade-Insecure-Requests: 1
User-Agent: Mozilla/5.0 (Windows NT 6.1; WOW64) AppleWebKit/537.36 (KHTML, like Gecko) Chrome/48.0.2564.116 Safari/537.36
Accept-Encoding: gzip, deflate, sdch
Accept-Language: uk-UA,uk;q=0.8,ru;q=0.6,en-US;q=0.4,en;q=0.2
Cookie: _ym_uid=1455283662407492012; PHPSESSID=910986a453229a57d394f007caf5f811



Oтправлен portscan.ru:80

07-03-2016 15:26:13 DEBUG HttpRequestHandler:104 -  * PROXY: Header GET http://portscan.ru/ HTTP/1.1
Host: portscan.ru
Proxy-Connection: keep-alive
Cache-Control: max-age=0
Accept: text/html,application/xhtml+xml,application/xml;q=0.9,image/webp,*/*;q=0.8
Upgrade-Insecure-Requests: 1
User-Agent: Mozilla/5.0 (Windows NT 6.1; WOW64) AppleWebKit/537.36 (KHTML, like Gecko) Chrome/48.0.2564.116 Safari/537.36
Accept-Encoding: gzip, deflate, sdch
Accept-Language: uk-UA,uk;q=0.8,ru;q=0.6,en-US;q=0.4,en;q=0.2
Cookie: _ym_uid=1455283662407492012; PHPSESSID=910986a453229a57d394f007caf5f811



Oтправлен portscan.ru:80

07-03-2016 15:26:13 INFO  HttpRequestHandler:106 -  * PROXY: Читаю ответ от portscan.ru:80
07-03-2016 15:26:13 INFO  HttpRequestHandler:106 -  * PROXY: Читаю ответ от portscan.ru:80
07-03-2016 15:26:13 INFO  HttpRequestHandler:106 -  * PROXY: Читаю ответ от portscan.ru:80
07-03-2016 15:26:13 DEBUG HttpRequestHandler:104 -  * PROXY: Header GET http://portscan.ru/ HTTP/1.1
Host: portscan.ru
Proxy-Connection: keep-alive
Cache-Control: max-age=0
Accept: text/html,application/xhtml+xml,application/xml;q=0.9,image/webp,*/*;q=0.8
Upgrade-Insecure-Requests: 1
User-Agent: Mozilla/5.0 (Windows NT 6.1; WOW64) AppleWebKit/537.36 (KHTML, like Gecko) Chrome/48.0.2564.116 Safari/537.36
Accept-Encoding: gzip, deflate, sdch
Accept-Language: uk-UA,uk;q=0.8,ru;q=0.6,en-US;q=0.4,en;q=0.2
Cookie: _ym_uid=1455283662407492012; PHPSESSID=910986a453229a57d394f007caf5f811



Oтправлен portscan.ru:80

07-03-2016 15:26:13 INFO  HttpRequestHandler:106 -  * PROXY: Читаю ответ от portscan.ru:80
07-03-2016 15:26:13 INFO  HttpRequestHandler:106 -  * PROXY: Читаю ответ от portscan.ru:80
07-03-2016 15:26:13 DEBUG HttpRequestHandler:104 -  * PROXY: Header GET http://portscan.ru/ HTTP/1.1
Host: portscan.ru
Proxy-Connection: keep-alive
Cache-Control: max-age=0
Accept: text/html,application/xhtml+xml,application/xml;q=0.9,image/webp,*/*;q=0.8
Upgrade-Insecure-Requests: 1
User-Agent: Mozilla/5.0 (Windows NT 6.1; WOW64) AppleWebKit/537.36 (KHTML, like Gecko) Chrome/48.0.2564.116 Safari/537.36
Accept-Encoding: gzip, deflate, sdch
Accept-Language: uk-UA,uk;q=0.8,ru;q=0.6,en-US;q=0.4,en;q=0.2
Cookie: _ym_uid=1455283662407492012; PHPSESSID=910986a453229a57d394f007caf5f811



Oтправлен portscan.ru:80

07-03-2016 15:26:13 INFO  HttpRequestHandler:106 -  * PROXY: Читаю ответ от portscan.ru:80
07-03-2016 15:26:13 DEBUG HttpRequestHandler:104 -  * PROXY: Header GET http://portscan.ru/ HTTP/1.1
Host: portscan.ru
Proxy-Connection: keep-alive
Cache-Control: max-age=0
Accept: text/html,application/xhtml+xml,application/xml;q=0.9,image/webp,*/*;q=0.8
Upgrade-Insecure-Requests: 1
User-Agent: Mozilla/5.0 (Windows NT 6.1; WOW64) AppleWebKit/537.36 (KHTML, like Gecko) Chrome/48.0.2564.116 Safari/537.36
Accept-Encoding: gzip, deflate, sdch
Accept-Language: uk-UA,uk;q=0.8,ru;q=0.6,en-US;q=0.4,en;q=0.2
Cookie: _ym_uid=1455283662407492012; PHPSESSID=910986a453229a57d394f007caf5f811



Oтправлен portscan.ru:80

07-03-2016 15:26:13 INFO  HttpRequestHandler:106 -  * PROXY: Читаю ответ от portscan.ru:80
07-03-2016 15:26:33 INFO  ServerResponseTimeAnalizer:51 - На дату 2016-03-07 15:26:13 количество живых подключений 10 время ответа сервера 19 милисекунд
07-03-2016 15:26:33 INFO  ServerResponseTimeAnalizer:51 - На дату 2016-03-07 15:26:13 количество живых подключений 10 время ответа сервера 372 милисекунд
07-03-2016 15:26:33 INFO  ServerResponseTimeAnalizer:51 - На дату 2016-03-07 15:26:13 количество живых подключений 10 время ответа сервера 310 милисекунд
07-03-2016 15:26:33 INFO  ServerResponseTimeAnalizer:51 - На дату 2016-03-07 15:26:13 количество живых подключений 10 время ответа сервера 250 милисекунд
07-03-2016 15:26:33 INFO  ServerResponseTimeAnalizer:51 - На дату 2016-03-07 15:26:13 количество живых подключений 10 время ответа сервера 700 милисекунд
07-03-2016 15:26:33 INFO  ServerResponseTimeAnalizer:51 - На дату 2016-03-07 15:26:13 количество живых подключений 10 время ответа сервера 477 милисекунд
07-03-2016 15:26:33 INFO  ServerResponseTimeAnalizer:51 - На дату 2016-03-07 15:26:13 количество живых подключений 10 время ответа сервера 544 милисекунд
07-03-2016 15:26:33 INFO  ServerResponseTimeAnalizer:51 - На дату 2016-03-07 15:26:13 количество живых подключений 10 время ответа сервера 1 милисекунд
07-03-2016 15:26:33 INFO  ServerResponseTimeAnalizer:51 - На дату 2016-03-07 15:26:13 количество живых подключений 10 время ответа сервера 2 милисекунд
07-03-2016 15:26:33 INFO  ServerResponseTimeAnalizer:51 - На дату 2016-03-07 15:26:13 количество живых подключений 10 время ответа сервера 3 милисекунд
07-03-2016 15:26:33 INFO  ServerResponseTimeAnalizer:51 - На дату 2016-03-07 15:26:13 количество живых подключений 10 время ответа сервера 4 милисекунд
07-03-2016 15:26:33 INFO  ServerResponseTimeAnalizer:51 - На дату 2016-03-07 15:26:13 количество живых подключений 10 время ответа сервера 7 милисекунд
07-03-2016 15:26:33 INFO  ServerResponseTimeAnalizer:51 - На дату 2016-03-07 15:26:13 количество живых подключений 10 время ответа сервера 8 милисекунд
07-03-2016 15:26:33 INFO  ServerResponseTimeAnalizer:51 - На дату 2016-03-07 15:26:13 количество живых подключений 10 время ответа сервера 647 милисекунд
07-03-2016 15:26:33 INFO  ServerResponseTimeAnalizer:51 - На дату 2016-03-07 15:26:13 количество живых подключений 10 время ответа сервера 9 милисекунд
07-03-2016 15:26:33 INFO  ServerResponseTimeAnalizer:51 - На дату 2016-03-07 15:26:13 количество живых подключений 10 время ответа сервера 204 милисекунд
07-03-2016 15:26:33 INFO  ServerResponseTimeAnalizer:51 - На дату 2016-03-07 15:26:14 количество живых подключений 10 время ответа сервера 938 милисекунд
07-03-2016 15:26:33 INFO  ServerResponseTimeAnalizer:51 - На дату 2016-03-07 15:26:13 количество живых подключений 10 время ответа сервера 13 милисекунд
07-03-2016 15:26:33 INFO  ServerResponseTimeAnalizer:51 - На дату 2016-03-07 15:26:13 количество живых подключений 10 время ответа сервера 430 милисекунд
07-03-2016 15:27:53 ERROR HttpRequestHandler:191 - Error: 
java.net.SocketException: Connection reset
	at java.net.SocketInputStream.read(SocketInputStream.java:209)
	at java.net.SocketInputStream.read(SocketInputStream.java:141)
	at java.net.SocketInputStream.read(SocketInputStream.java:127)
	at com.mycompany.forwardproxyserver.HttpRequestHandler.dawnloadFromInet(HttpRequestHandler.java:112)
	at com.mycompany.forwardproxyserver.HttpRequestHandler.run(HttpRequestHandler.java:181)
	at java.util.concurrent.ThreadPoolExecutor.runWorker(ThreadPoolExecutor.java:1142)
	at java.util.concurrent.ThreadPoolExecutor$Worker.run(ThreadPoolExecutor.java:617)
	at java.lang.Thread.run(Thread.java:745)
07-03-2016 15:27:53 INFO  ClientsBrowserAnalyzer:106 - 

*****************************
Информация о браузерах: {Mozilla Firefox=0, Internet Explirer=0, Google Chrome=4, Safary=0, Opera=0, Other=0}
*****************************

07-03-2016 15:27:53 INFO  ServerResponseTimeAnalizer:51 - На дату 2016-03-07 15:26:13 количество живых подключений 10 время ответа сервера 19 милисекунд
07-03-2016 15:27:53 INFO  ServerResponseTimeAnalizer:51 - На дату 2016-03-07 15:26:13 количество живых подключений 10 время ответа сервера 372 милисекунд
07-03-2016 15:27:53 INFO  ServerResponseTimeAnalizer:51 - На дату 2016-03-07 15:26:13 количество живых подключений 10 время ответа сервера 310 милисекунд
07-03-2016 15:27:53 INFO  ServerResponseTimeAnalizer:51 - На дату 2016-03-07 15:26:13 количество живых подключений 10 время ответа сервера 250 милисекунд
07-03-2016 15:27:53 INFO  ServerResponseTimeAnalizer:51 - На дату 2016-03-07 15:26:13 количество живых подключений 10 время ответа сервера 700 милисекунд
07-03-2016 15:27:53 INFO  ServerResponseTimeAnalizer:51 - На дату 2016-03-07 15:26:13 количество живых подключений 10 время ответа сервера 477 милисекунд
07-03-2016 15:27:53 INFO  ServerResponseTimeAnalizer:51 - На дату 2016-03-07 15:26:13 количество живых подключений 10 время ответа сервера 544 милисекунд
07-03-2016 15:27:53 INFO  ServerResponseTimeAnalizer:51 - На дату 2016-03-07 15:26:13 количество живых подключений 10 время ответа сервера 1 милисекунд
07-03-2016 15:27:53 INFO  ServerResponseTimeAnalizer:51 - На дату 2016-03-07 15:26:13 количество живых подключений 10 время ответа сервера 2 милисекунд
07-03-2016 15:27:53 INFO  ServerResponseTimeAnalizer:51 - На дату 2016-03-07 15:26:13 количество живых подключений 10 время ответа сервера 3 милисекунд
07-03-2016 15:27:53 INFO  ServerResponseTimeAnalizer:51 - На дату 2016-03-07 15:26:13 количество живых подключений 10 время ответа сервера 4 милисекунд
07-03-2016 15:27:53 INFO  ServerResponseTimeAnalizer:51 - На дату 2016-03-07 15:26:13 количество живых подключений 10 время ответа сервера 7 милисекунд
07-03-2016 15:27:53 INFO  ServerResponseTimeAnalizer:51 - На дату 2016-03-07 15:26:13 количество живых подключений 10 время ответа сервера 8 милисекунд
07-03-2016 15:27:53 INFO  ServerResponseTimeAnalizer:51 - На дату 2016-03-07 15:26:13 количество живых подключений 10 время ответа сервера 647 милисекунд
07-03-2016 15:27:53 INFO  ServerResponseTimeAnalizer:51 - На дату 2016-03-07 15:26:13 количество живых подключений 10 время ответа сервера 9 милисекунд
07-03-2016 15:27:53 INFO  ServerResponseTimeAnalizer:51 - На дату 2016-03-07 15:26:13 количество живых подключений 10 время ответа сервера 204 милисекунд
07-03-2016 15:27:53 INFO  ServerResponseTimeAnalizer:51 - На дату 2016-03-07 15:26:14 количество живых подключений 10 время ответа сервера 938 милисекунд
07-03-2016 15:27:53 INFO  ServerResponseTimeAnalizer:51 - На дату 2016-03-07 15:26:13 количество живых подключений 10 время ответа сервера 13 милисекунд
07-03-2016 15:27:53 INFO  ServerResponseTimeAnalizer:51 - На дату 2016-03-07 15:26:13 количество живых подключений 10 время ответа сервера 430 милисекунд
07-03-2016 15:27:53 ERROR HttpRequestHandler:191 - Error: 
java.net.SocketException: Connection reset
	at java.net.SocketInputStream.read(SocketInputStream.java:209)
	at java.net.SocketInputStream.read(SocketInputStream.java:141)
	at java.net.SocketInputStream.read(SocketInputStream.java:127)
	at com.mycompany.forwardproxyserver.HttpRequestHandler.dawnloadFromInet(HttpRequestHandler.java:112)
	at com.mycompany.forwardproxyserver.HttpRequestHandler.run(HttpRequestHandler.java:181)
	at java.util.concurrent.ThreadPoolExecutor.runWorker(ThreadPoolExecutor.java:1142)
	at java.util.concurrent.ThreadPoolExecutor$Worker.run(ThreadPoolExecutor.java:617)
	at java.lang.Thread.run(Thread.java:745)
07-03-2016 15:27:53 INFO  ClientsBrowserAnalyzer:106 - 

*****************************
Информация о браузерах: {Mozilla Firefox=0, Internet Explirer=0, Google Chrome=4, Safary=0, Opera=0, Other=0}
*****************************

07-03-2016 15:27:53 INFO  ServerResponseTimeAnalizer:51 - На дату 2016-03-07 15:26:13 количество живых подключений 10 время ответа сервера 19 милисекунд
07-03-2016 15:27:53 INFO  ServerResponseTimeAnalizer:51 - На дату 2016-03-07 15:26:13 количество живых подключений 10 время ответа сервера 372 милисекунд
07-03-2016 15:27:53 INFO  ServerResponseTimeAnalizer:51 - На дату 2016-03-07 15:26:13 количество живых подключений 10 время ответа сервера 310 милисекунд
07-03-2016 15:27:53 INFO  ServerResponseTimeAnalizer:51 - На дату 2016-03-07 15:26:13 количество живых подключений 10 время ответа сервера 250 милисекунд
07-03-2016 15:27:53 INFO  ServerResponseTimeAnalizer:51 - На дату 2016-03-07 15:26:13 количество живых подключений 10 время ответа сервера 700 милисекунд
07-03-2016 15:27:53 INFO  ServerResponseTimeAnalizer:51 - На дату 2016-03-07 15:26:13 количество живых подключений 10 время ответа сервера 477 милисекунд
07-03-2016 15:27:53 INFO  ServerResponseTimeAnalizer:51 - На дату 2016-03-07 15:26:13 количество живых подключений 10 время ответа сервера 544 милисекунд
07-03-2016 15:27:53 INFO  ServerResponseTimeAnalizer:51 - На дату 2016-03-07 15:26:13 количество живых подключений 10 время ответа сервера 1 милисекунд
07-03-2016 15:27:53 INFO  ServerResponseTimeAnalizer:51 - На дату 2016-03-07 15:26:13 количество живых подключений 10 время ответа сервера 2 милисекунд
07-03-2016 15:27:53 INFO  ServerResponseTimeAnalizer:51 - На дату 2016-03-07 15:26:13 количество живых подключений 10 время ответа сервера 3 милисекунд
07-03-2016 15:27:53 INFO  ServerResponseTimeAnalizer:51 - На дату 2016-03-07 15:26:13 количество живых подключений 10 время ответа сервера 4 милисекунд
07-03-2016 15:27:53 INFO  ServerResponseTimeAnalizer:51 - На дату 2016-03-07 15:26:13 количество живых подключений 10 время ответа сервера 7 милисекунд
07-03-2016 15:27:53 INFO  ServerResponseTimeAnalizer:51 - На дату 2016-03-07 15:26:13 количество живых подключений 10 время ответа сервера 8 милисекунд
07-03-2016 15:27:53 INFO  ServerResponseTimeAnalizer:51 - На дату 2016-03-07 15:26:13 количество живых подключений 10 время ответа сервера 647 милисекунд
07-03-2016 15:27:53 INFO  ServerResponseTimeAnalizer:51 - На дату 2016-03-07 15:26:13 количество живых подключений 10 время ответа сервера 9 милисекунд
07-03-2016 15:27:53 INFO  ServerResponseTimeAnalizer:51 - На дату 2016-03-07 15:26:13 количество живых подключений 10 время ответа сервера 204 милисекунд
07-03-2016 15:27:53 INFO  ServerResponseTimeAnalizer:51 - На дату 2016-03-07 15:26:14 количество живых подключений 10 время ответа сервера 938 милисекунд
07-03-2016 15:27:53 INFO  ServerResponseTimeAnalizer:51 - На дату 2016-03-07 15:26:13 количество живых подключений 10 время ответа сервера 13 милисекунд
07-03-2016 15:27:53 INFO  ServerResponseTimeAnalizer:51 - На дату 2016-03-07 15:26:13 количество живых подключений 10 время ответа сервера 430 милисекунд
07-03-2016 15:27:53 ERROR HttpRequestHandler:191 - Error: 
java.net.SocketException: Connection reset
	at java.net.SocketInputStream.read(SocketInputStream.java:209)
	at java.net.SocketInputStream.read(SocketInputStream.java:141)
	at java.net.SocketInputStream.read(SocketInputStream.java:127)
	at com.mycompany.forwardproxyserver.HttpRequestHandler.dawnloadFromInet(HttpRequestHandler.java:112)
	at com.mycompany.forwardproxyserver.HttpRequestHandler.run(HttpRequestHandler.java:181)
	at java.util.concurrent.ThreadPoolExecutor.runWorker(ThreadPoolExecutor.java:1142)
	at java.util.concurrent.ThreadPoolExecutor$Worker.run(ThreadPoolExecutor.java:617)
	at java.lang.Thread.run(Thread.java:745)
07-03-2016 15:27:53 INFO  ClientsBrowserAnalyzer:106 - 

*****************************
Информация о браузерах: {Mozilla Firefox=0, Internet Explirer=0, Google Chrome=4, Safary=0, Opera=0, Other=0}
*****************************

07-03-2016 15:27:53 INFO  ServerResponseTimeAnalizer:51 - На дату 2016-03-07 15:26:13 количество живых подключений 10 время ответа сервера 19 милисекунд
07-03-2016 15:27:53 INFO  ServerResponseTimeAnalizer:51 - На дату 2016-03-07 15:26:13 количество живых подключений 10 время ответа сервера 372 милисекунд
07-03-2016 15:27:53 INFO  ServerResponseTimeAnalizer:51 - На дату 2016-03-07 15:26:13 количество живых подключений 10 время ответа сервера 310 милисекунд
07-03-2016 15:27:53 INFO  ServerResponseTimeAnalizer:51 - На дату 2016-03-07 15:26:13 количество живых подключений 10 время ответа сервера 250 милисекунд
07-03-2016 15:27:53 INFO  ServerResponseTimeAnalizer:51 - На дату 2016-03-07 15:26:13 количество живых подключений 10 время ответа сервера 700 милисекунд
07-03-2016 15:27:53 INFO  ServerResponseTimeAnalizer:51 - На дату 2016-03-07 15:26:13 количество живых подключений 10 время ответа сервера 477 милисекунд
07-03-2016 15:27:53 INFO  ServerResponseTimeAnalizer:51 - На дату 2016-03-07 15:26:13 количество живых подключений 10 время ответа сервера 544 милисекунд
07-03-2016 15:27:53 INFO  ServerResponseTimeAnalizer:51 - На дату 2016-03-07 15:26:13 количество живых подключений 10 время ответа сервера 1 милисекунд
07-03-2016 15:27:53 INFO  ServerResponseTimeAnalizer:51 - На дату 2016-03-07 15:26:13 количество живых подключений 10 время ответа сервера 2 милисекунд
07-03-2016 15:27:53 INFO  ServerResponseTimeAnalizer:51 - На дату 2016-03-07 15:26:13 количество живых подключений 10 время ответа сервера 3 милисекунд
07-03-2016 15:27:53 INFO  ServerResponseTimeAnalizer:51 - На дату 2016-03-07 15:26:13 количество живых подключений 10 время ответа сервера 4 милисекунд
07-03-2016 15:27:53 INFO  ServerResponseTimeAnalizer:51 - На дату 2016-03-07 15:26:13 количество живых подключений 10 время ответа сервера 7 милисекунд
07-03-2016 15:27:53 INFO  ServerResponseTimeAnalizer:51 - На дату 2016-03-07 15:26:13 количество живых подключений 10 время ответа сервера 8 милисекунд
07-03-2016 15:27:53 INFO  ServerResponseTimeAnalizer:51 - На дату 2016-03-07 15:26:13 количество живых подключений 10 время ответа сервера 647 милисекунд
07-03-2016 15:27:53 INFO  ServerResponseTimeAnalizer:51 - На дату 2016-03-07 15:26:13 количество живых подключений 10 время ответа сервера 9 милисекунд
07-03-2016 15:27:53 INFO  ServerResponseTimeAnalizer:51 - На дату 2016-03-07 15:26:13 количество живых подключений 10 время ответа сервера 204 милисекунд
07-03-2016 15:27:53 INFO  ServerResponseTimeAnalizer:51 - На дату 2016-03-07 15:26:14 количество живых подключений 10 время ответа сервера 938 милисекунд
07-03-2016 15:27:53 INFO  ServerResponseTimeAnalizer:51 - На дату 2016-03-07 15:26:13 количество живых подключений 10 время ответа сервера 13 милисекунд
07-03-2016 15:27:53 INFO  ServerResponseTimeAnalizer:51 - На дату 2016-03-07 15:26:13 количество живых подключений 10 время ответа сервера 430 милисекунд
07-03-2016 15:27:53 ERROR HttpRequestHandler:191 - Error: 
java.net.SocketException: Connection reset
	at java.net.SocketInputStream.read(SocketInputStream.java:209)
	at java.net.SocketInputStream.read(SocketInputStream.java:141)
	at java.net.SocketInputStream.read(SocketInputStream.java:127)
	at com.mycompany.forwardproxyserver.HttpRequestHandler.dawnloadFromInet(HttpRequestHandler.java:112)
	at com.mycompany.forwardproxyserver.HttpRequestHandler.run(HttpRequestHandler.java:181)
	at java.util.concurrent.ThreadPoolExecutor.runWorker(ThreadPoolExecutor.java:1142)
	at java.util.concurrent.ThreadPoolExecutor$Worker.run(ThreadPoolExecutor.java:617)
	at java.lang.Thread.run(Thread.java:745)
07-03-2016 15:27:53 INFO  ClientsBrowserAnalyzer:106 - 

*****************************
Информация о браузерах: {Mozilla Firefox=0, Internet Explirer=0, Google Chrome=4, Safary=0, Opera=0, Other=0}
*****************************

07-03-2016 15:27:53 INFO  ServerResponseTimeAnalizer:51 - На дату 2016-03-07 15:26:13 количество живых подключений 10 время ответа сервера 19 милисекунд
07-03-2016 15:27:53 INFO  ServerResponseTimeAnalizer:51 - На дату 2016-03-07 15:26:13 количество живых подключений 10 время ответа сервера 372 милисекунд
07-03-2016 15:27:53 INFO  ServerResponseTimeAnalizer:51 - На дату 2016-03-07 15:26:13 количество живых подключений 10 время ответа сервера 310 милисекунд
07-03-2016 15:27:53 INFO  ServerResponseTimeAnalizer:51 - На дату 2016-03-07 15:26:13 количество живых подключений 10 время ответа сервера 250 милисекунд
07-03-2016 15:27:53 INFO  ServerResponseTimeAnalizer:51 - На дату 2016-03-07 15:26:13 количество живых подключений 10 время ответа сервера 700 милисекунд
07-03-2016 15:27:53 INFO  ServerResponseTimeAnalizer:51 - На дату 2016-03-07 15:26:13 количество живых подключений 10 время ответа сервера 477 милисекунд
07-03-2016 15:27:53 INFO  ServerResponseTimeAnalizer:51 - На дату 2016-03-07 15:26:13 количество живых подключений 10 время ответа сервера 544 милисекунд
07-03-2016 15:27:53 INFO  ServerResponseTimeAnalizer:51 - На дату 2016-03-07 15:26:13 количество живых подключений 10 время ответа сервера 1 милисекунд
07-03-2016 15:27:53 INFO  ServerResponseTimeAnalizer:51 - На дату 2016-03-07 15:26:13 количество живых подключений 10 время ответа сервера 2 милисекунд
07-03-2016 15:27:53 INFO  ServerResponseTimeAnalizer:51 - На дату 2016-03-07 15:26:13 количество живых подключений 10 время ответа сервера 3 милисекунд
07-03-2016 15:27:53 INFO  ServerResponseTimeAnalizer:51 - На дату 2016-03-07 15:26:13 количество живых подключений 10 время ответа сервера 4 милисекунд
07-03-2016 15:27:53 INFO  ServerResponseTimeAnalizer:51 - На дату 2016-03-07 15:26:13 количество живых подключений 10 время ответа сервера 7 милисекунд
07-03-2016 15:27:53 INFO  ServerResponseTimeAnalizer:51 - На дату 2016-03-07 15:26:13 количество живых подключений 10 время ответа сервера 8 милисекунд
07-03-2016 15:27:53 INFO  ServerResponseTimeAnalizer:51 - На дату 2016-03-07 15:26:13 количество живых подключений 10 время ответа сервера 647 милисекунд
07-03-2016 15:27:53 INFO  ServerResponseTimeAnalizer:51 - На дату 2016-03-07 15:26:13 количество живых подключений 10 время ответа сервера 9 милисекунд
07-03-2016 15:27:53 INFO  ServerResponseTimeAnalizer:51 - На дату 2016-03-07 15:26:13 количество живых подключений 10 время ответа сервера 204 милисекунд
07-03-2016 15:27:53 INFO  ServerResponseTimeAnalizer:51 - На дату 2016-03-07 15:26:14 количество живых подключений 10 время ответа сервера 938 милисекунд
07-03-2016 15:27:53 INFO  ServerResponseTimeAnalizer:51 - На дату 2016-03-07 15:26:13 количество живых подключений 10 время ответа сервера 13 милисекунд
07-03-2016 15:27:53 INFO  ServerResponseTimeAnalizer:51 - На дату 2016-03-07 15:26:13 количество живых подключений 10 время ответа сервера 430 милисекунд
07-03-2016 15:27:53 ERROR HttpRequestHandler:191 - Error: 
java.net.SocketException: Connection reset
	at java.net.SocketInputStream.read(SocketInputStream.java:209)
	at java.net.SocketInputStream.read(SocketInputStream.java:141)
	at java.net.SocketInputStream.read(SocketInputStream.java:127)
	at com.mycompany.forwardproxyserver.HttpRequestHandler.dawnloadFromInet(HttpRequestHandler.java:112)
	at com.mycompany.forwardproxyserver.HttpRequestHandler.run(HttpRequestHandler.java:181)
	at java.util.concurrent.ThreadPoolExecutor.runWorker(ThreadPoolExecutor.java:1142)
	at java.util.concurrent.ThreadPoolExecutor$Worker.run(ThreadPoolExecutor.java:617)
	at java.lang.Thread.run(Thread.java:745)
07-03-2016 15:27:53 INFO  ClientsBrowserAnalyzer:106 - 

*****************************
Информация о браузерах: {Mozilla Firefox=0, Internet Explirer=0, Google Chrome=4, Safary=0, Opera=0, Other=0}
*****************************

07-03-2016 15:27:53 INFO  ServerResponseTimeAnalizer:51 - На дату 2016-03-07 15:26:13 количество живых подключений 10 время ответа сервера 19 милисекунд
07-03-2016 15:27:53 INFO  ServerResponseTimeAnalizer:51 - На дату 2016-03-07 15:26:13 количество живых подключений 10 время ответа сервера 372 милисекунд
07-03-2016 15:27:53 INFO  ServerResponseTimeAnalizer:51 - На дату 2016-03-07 15:26:13 количество живых подключений 10 время ответа сервера 310 милисекунд
07-03-2016 15:27:53 INFO  ServerResponseTimeAnalizer:51 - На дату 2016-03-07 15:26:13 количество живых подключений 10 время ответа сервера 250 милисекунд
07-03-2016 15:27:53 INFO  ServerResponseTimeAnalizer:51 - На дату 2016-03-07 15:26:13 количество живых подключений 10 время ответа сервера 700 милисекунд
07-03-2016 15:27:53 INFO  ServerResponseTimeAnalizer:51 - На дату 2016-03-07 15:26:13 количество живых подключений 10 время ответа сервера 477 милисекунд
07-03-2016 15:27:53 INFO  ServerResponseTimeAnalizer:51 - На дату 2016-03-07 15:26:13 количество живых подключений 10 время ответа сервера 544 милисекунд
07-03-2016 15:27:53 INFO  ServerResponseTimeAnalizer:51 - На дату 2016-03-07 15:26:13 количество живых подключений 10 время ответа сервера 1 милисекунд
07-03-2016 15:27:53 INFO  ServerResponseTimeAnalizer:51 - На дату 2016-03-07 15:26:13 количество живых подключений 10 время ответа сервера 2 милисекунд
07-03-2016 15:27:53 INFO  ServerResponseTimeAnalizer:51 - На дату 2016-03-07 15:26:13 количество живых подключений 10 время ответа сервера 3 милисекунд
07-03-2016 15:27:53 INFO  ServerResponseTimeAnalizer:51 - На дату 2016-03-07 15:26:13 количество живых подключений 10 время ответа сервера 4 милисекунд
07-03-2016 15:27:53 INFO  ServerResponseTimeAnalizer:51 - На дату 2016-03-07 15:26:13 количество живых подключений 10 время ответа сервера 7 милисекунд
07-03-2016 15:27:53 INFO  ServerResponseTimeAnalizer:51 - На дату 2016-03-07 15:26:13 количество живых подключений 10 время ответа сервера 8 милисекунд
07-03-2016 15:27:53 INFO  ServerResponseTimeAnalizer:51 - На дату 2016-03-07 15:26:13 количество живых подключений 10 время ответа сервера 647 милисекунд
07-03-2016 15:27:53 INFO  ServerResponseTimeAnalizer:51 - На дату 2016-03-07 15:26:13 количество живых подключений 10 время ответа сервера 9 милисекунд
07-03-2016 15:27:53 INFO  ServerResponseTimeAnalizer:51 - На дату 2016-03-07 15:26:13 количество живых подключений 10 время ответа сервера 204 милисекунд
07-03-2016 15:27:53 INFO  ServerResponseTimeAnalizer:51 - На дату 2016-03-07 15:26:14 количество живых подключений 10 время ответа сервера 938 милисекунд
07-03-2016 15:27:53 INFO  ServerResponseTimeAnalizer:51 - На дату 2016-03-07 15:26:13 количество живых подключений 10 время ответа сервера 13 милисекунд
07-03-2016 15:27:53 INFO  ServerResponseTimeAnalizer:51 - На дату 2016-03-07 15:26:13 количество живых подключений 10 время ответа сервера 430 милисекунд
07-03-2016 15:27:53 ERROR HttpRequestHandler:191 - Error: 
java.net.SocketException: Connection reset
	at java.net.SocketInputStream.read(SocketInputStream.java:209)
	at java.net.SocketInputStream.read(SocketInputStream.java:141)
	at java.net.SocketInputStream.read(SocketInputStream.java:127)
	at com.mycompany.forwardproxyserver.HttpRequestHandler.dawnloadFromInet(HttpRequestHandler.java:112)
	at com.mycompany.forwardproxyserver.HttpRequestHandler.run(HttpRequestHandler.java:181)
	at java.util.concurrent.ThreadPoolExecutor.runWorker(ThreadPoolExecutor.java:1142)
	at java.util.concurrent.ThreadPoolExecutor$Worker.run(ThreadPoolExecutor.java:617)
	at java.lang.Thread.run(Thread.java:745)
07-03-2016 15:27:53 INFO  ClientsBrowserAnalyzer:106 - 

*****************************
Информация о браузерах: {Mozilla Firefox=0, Internet Explirer=0, Google Chrome=4, Safary=0, Opera=0, Other=0}
*****************************

07-03-2016 15:27:53 INFO  ServerResponseTimeAnalizer:51 - На дату 2016-03-07 15:26:13 количество живых подключений 10 время ответа сервера 19 милисекунд
07-03-2016 15:27:53 INFO  ServerResponseTimeAnalizer:51 - На дату 2016-03-07 15:26:13 количество живых подключений 10 время ответа сервера 372 милисекунд
07-03-2016 15:27:53 INFO  ServerResponseTimeAnalizer:51 - На дату 2016-03-07 15:26:13 количество живых подключений 10 время ответа сервера 310 милисекунд
07-03-2016 15:27:53 INFO  ServerResponseTimeAnalizer:51 - На дату 2016-03-07 15:26:13 количество живых подключений 10 время ответа сервера 250 милисекунд
07-03-2016 15:27:53 INFO  ServerResponseTimeAnalizer:51 - На дату 2016-03-07 15:26:13 количество живых подключений 10 время ответа сервера 700 милисекунд
07-03-2016 15:27:53 INFO  ServerResponseTimeAnalizer:51 - На дату 2016-03-07 15:26:13 количество живых подключений 10 время ответа сервера 477 милисекунд
07-03-2016 15:27:53 INFO  ServerResponseTimeAnalizer:51 - На дату 2016-03-07 15:26:13 количество живых подключений 10 время ответа сервера 544 милисекунд
07-03-2016 15:27:53 INFO  ServerResponseTimeAnalizer:51 - На дату 2016-03-07 15:26:13 количество живых подключений 10 время ответа сервера 1 милисекунд
07-03-2016 15:27:53 INFO  ServerResponseTimeAnalizer:51 - На дату 2016-03-07 15:26:13 количество живых подключений 10 время ответа сервера 2 милисекунд
07-03-2016 15:27:53 INFO  ServerResponseTimeAnalizer:51 - На дату 2016-03-07 15:26:13 количество живых подключений 10 время ответа сервера 3 милисекунд
07-03-2016 15:27:53 INFO  ServerResponseTimeAnalizer:51 - На дату 2016-03-07 15:26:13 количество живых подключений 10 время ответа сервера 4 милисекунд
07-03-2016 15:27:53 INFO  ServerResponseTimeAnalizer:51 - На дату 2016-03-07 15:26:13 количество живых подключений 10 время ответа сервера 7 милисекунд
07-03-2016 15:27:53 INFO  ServerResponseTimeAnalizer:51 - На дату 2016-03-07 15:26:13 количество живых подключений 10 время ответа сервера 8 милисекунд
07-03-2016 15:27:53 INFO  ServerResponseTimeAnalizer:51 - На дату 2016-03-07 15:26:13 количество живых подключений 10 время ответа сервера 647 милисекунд
07-03-2016 15:27:53 INFO  ServerResponseTimeAnalizer:51 - На дату 2016-03-07 15:26:13 количество живых подключений 10 время ответа сервера 9 милисекунд
07-03-2016 15:27:53 INFO  ServerResponseTimeAnalizer:51 - На дату 2016-03-07 15:26:13 количество живых подключений 10 время ответа сервера 204 милисекунд
07-03-2016 15:27:53 INFO  ServerResponseTimeAnalizer:51 - На дату 2016-03-07 15:26:14 количество живых подключений 10 время ответа сервера 938 милисекунд
07-03-2016 15:27:53 INFO  ServerResponseTimeAnalizer:51 - На дату 2016-03-07 15:26:13 количество живых подключений 10 время ответа сервера 13 милисекунд
07-03-2016 15:27:53 INFO  ServerResponseTimeAnalizer:51 - На дату 2016-03-07 15:26:13 количество живых подключений 10 время ответа сервера 430 милисекунд
07-03-2016 15:27:53 ERROR HttpRequestHandler:191 - Error: 
java.net.SocketException: Connection reset
	at java.net.SocketInputStream.read(SocketInputStream.java:209)
	at java.net.SocketInputStream.read(SocketInputStream.java:141)
	at java.net.SocketInputStream.read(SocketInputStream.java:127)
	at com.mycompany.forwardproxyserver.HttpRequestHandler.dawnloadFromInet(HttpRequestHandler.java:112)
	at com.mycompany.forwardproxyserver.HttpRequestHandler.run(HttpRequestHandler.java:181)
	at java.util.concurrent.ThreadPoolExecutor.runWorker(ThreadPoolExecutor.java:1142)
	at java.util.concurrent.ThreadPoolExecutor$Worker.run(ThreadPoolExecutor.java:617)
	at java.lang.Thread.run(Thread.java:745)
07-03-2016 15:27:53 INFO  ClientsBrowserAnalyzer:106 - 

*****************************
Информация о браузерах: {Mozilla Firefox=0, Internet Explirer=0, Google Chrome=4, Safary=0, Opera=0, Other=0}
*****************************

07-03-2016 15:27:53 INFO  ServerResponseTimeAnalizer:51 - На дату 2016-03-07 15:26:13 количество живых подключений 10 время ответа сервера 19 милисекунд
07-03-2016 15:27:53 INFO  ServerResponseTimeAnalizer:51 - На дату 2016-03-07 15:26:13 количество живых подключений 10 время ответа сервера 372 милисекунд
07-03-2016 15:27:53 INFO  ServerResponseTimeAnalizer:51 - На дату 2016-03-07 15:26:13 количество живых подключений 10 время ответа сервера 310 милисекунд
07-03-2016 15:27:53 INFO  ServerResponseTimeAnalizer:51 - На дату 2016-03-07 15:26:13 количество живых подключений 10 время ответа сервера 250 милисекунд
07-03-2016 15:27:53 INFO  ServerResponseTimeAnalizer:51 - На дату 2016-03-07 15:26:13 количество живых подключений 10 время ответа сервера 700 милисекунд
07-03-2016 15:27:53 INFO  ServerResponseTimeAnalizer:51 - На дату 2016-03-07 15:26:13 количество живых подключений 10 время ответа сервера 477 милисекунд
07-03-2016 15:27:53 INFO  ServerResponseTimeAnalizer:51 - На дату 2016-03-07 15:26:13 количество живых подключений 10 время ответа сервера 544 милисекунд
07-03-2016 15:27:53 INFO  ServerResponseTimeAnalizer:51 - На дату 2016-03-07 15:26:13 количество живых подключений 10 время ответа сервера 1 милисекунд
07-03-2016 15:27:53 INFO  ServerResponseTimeAnalizer:51 - На дату 2016-03-07 15:26:13 количество живых подключений 10 время ответа сервера 2 милисекунд
07-03-2016 15:27:53 INFO  ServerResponseTimeAnalizer:51 - На дату 2016-03-07 15:26:13 количество живых подключений 10 время ответа сервера 3 милисекунд
07-03-2016 15:27:53 INFO  ServerResponseTimeAnalizer:51 - На дату 2016-03-07 15:26:13 количество живых подключений 10 время ответа сервера 4 милисекунд
07-03-2016 15:27:53 INFO  ServerResponseTimeAnalizer:51 - На дату 2016-03-07 15:26:13 количество живых подключений 10 время ответа сервера 7 милисекунд
07-03-2016 15:27:53 INFO  ServerResponseTimeAnalizer:51 - На дату 2016-03-07 15:26:13 количество живых подключений 10 время ответа сервера 8 милисекунд
07-03-2016 15:27:53 INFO  ServerResponseTimeAnalizer:51 - На дату 2016-03-07 15:26:13 количество живых подключений 10 время ответа сервера 647 милисекунд
07-03-2016 15:27:53 INFO  ServerResponseTimeAnalizer:51 - На дату 2016-03-07 15:26:13 количество живых подключений 10 время ответа сервера 9 милисекунд
07-03-2016 15:27:53 INFO  ServerResponseTimeAnalizer:51 - На дату 2016-03-07 15:26:13 количество живых подключений 10 время ответа сервера 204 милисекунд
07-03-2016 15:27:53 INFO  ServerResponseTimeAnalizer:51 - На дату 2016-03-07 15:26:14 количество живых подключений 10 время ответа сервера 938 милисекунд
07-03-2016 15:27:53 INFO  ServerResponseTimeAnalizer:51 - На дату 2016-03-07 15:26:13 количество живых подключений 10 время ответа сервера 13 милисекунд
07-03-2016 15:27:53 INFO  ServerResponseTimeAnalizer:51 - На дату 2016-03-07 15:26:13 количество живых подключений 10 время ответа сервера 430 милисекунд
07-03-2016 15:27:53 ERROR HttpRequestHandler:191 - Error: 
java.net.SocketException: Connection reset
	at java.net.SocketInputStream.read(SocketInputStream.java:209)
	at java.net.SocketInputStream.read(SocketInputStream.java:141)
	at java.net.SocketInputStream.read(SocketInputStream.java:127)
	at com.mycompany.forwardproxyserver.HttpRequestHandler.dawnloadFromInet(HttpRequestHandler.java:112)
	at com.mycompany.forwardproxyserver.HttpRequestHandler.run(HttpRequestHandler.java:181)
	at java.util.concurrent.ThreadPoolExecutor.runWorker(ThreadPoolExecutor.java:1142)
	at java.util.concurrent.ThreadPoolExecutor$Worker.run(ThreadPoolExecutor.java:617)
	at java.lang.Thread.run(Thread.java:745)
07-03-2016 15:27:53 INFO  ClientsBrowserAnalyzer:106 - 

*****************************
Информация о браузерах: {Mozilla Firefox=0, Internet Explirer=0, Google Chrome=4, Safary=0, Opera=0, Other=0}
*****************************

07-03-2016 15:27:53 INFO  ServerResponseTimeAnalizer:51 - На дату 2016-03-07 15:26:13 количество живых подключений 10 время ответа сервера 19 милисекунд
07-03-2016 15:27:53 INFO  ServerResponseTimeAnalizer:51 - На дату 2016-03-07 15:26:13 количество живых подключений 10 время ответа сервера 372 милисекунд
07-03-2016 15:27:53 INFO  ServerResponseTimeAnalizer:51 - На дату 2016-03-07 15:26:13 количество живых подключений 10 время ответа сервера 310 милисекунд
07-03-2016 15:27:53 INFO  ServerResponseTimeAnalizer:51 - На дату 2016-03-07 15:26:13 количество живых подключений 10 время ответа сервера 250 милисекунд
07-03-2016 15:27:53 INFO  ServerResponseTimeAnalizer:51 - На дату 2016-03-07 15:26:13 количество живых подключений 10 время ответа сервера 700 милисекунд
07-03-2016 15:27:53 INFO  ServerResponseTimeAnalizer:51 - На дату 2016-03-07 15:26:13 количество живых подключений 10 время ответа сервера 477 милисекунд
07-03-2016 15:27:53 INFO  ServerResponseTimeAnalizer:51 - На дату 2016-03-07 15:26:13 количество живых подключений 10 время ответа сервера 544 милисекунд
07-03-2016 15:27:53 INFO  ServerResponseTimeAnalizer:51 - На дату 2016-03-07 15:26:13 количество живых подключений 10 время ответа сервера 1 милисекунд
07-03-2016 15:27:53 INFO  ServerResponseTimeAnalizer:51 - На дату 2016-03-07 15:26:13 количество живых подключений 10 время ответа сервера 2 милисекунд
07-03-2016 15:27:53 INFO  ServerResponseTimeAnalizer:51 - На дату 2016-03-07 15:26:13 количество живых подключений 10 время ответа сервера 3 милисекунд
07-03-2016 15:27:53 INFO  ServerResponseTimeAnalizer:51 - На дату 2016-03-07 15:26:13 количество живых подключений 10 время ответа сервера 4 милисекунд
07-03-2016 15:27:53 INFO  ServerResponseTimeAnalizer:51 - На дату 2016-03-07 15:26:13 количество живых подключений 10 время ответа сервера 7 милисекунд
07-03-2016 15:27:53 INFO  ServerResponseTimeAnalizer:51 - На дату 2016-03-07 15:26:13 количество живых подключений 10 время ответа сервера 8 милисекунд
07-03-2016 15:27:53 INFO  ServerResponseTimeAnalizer:51 - На дату 2016-03-07 15:26:13 количество живых подключений 10 время ответа сервера 647 милисекунд
07-03-2016 15:27:53 INFO  ServerResponseTimeAnalizer:51 - На дату 2016-03-07 15:26:13 количество живых подключений 10 время ответа сервера 9 милисекунд
07-03-2016 15:27:53 INFO  ServerResponseTimeAnalizer:51 - На дату 2016-03-07 15:26:13 количество живых подключений 10 время ответа сервера 204 милисекунд
07-03-2016 15:27:53 INFO  ServerResponseTimeAnalizer:51 - На дату 2016-03-07 15:26:14 количество живых подключений 10 время ответа сервера 938 милисекунд
07-03-2016 15:27:53 INFO  ServerResponseTimeAnalizer:51 - На дату 2016-03-07 15:26:13 количество живых подключений 10 время ответа сервера 13 милисекунд
07-03-2016 15:27:53 INFO  ServerResponseTimeAnalizer:51 - На дату 2016-03-07 15:26:13 количество живых подключений 10 время ответа сервера 430 милисекунд
07-03-2016 15:27:53 ERROR HttpRequestHandler:191 - Error: 
java.net.SocketException: Connection reset
	at java.net.SocketInputStream.read(SocketInputStream.java:209)
	at java.net.SocketInputStream.read(SocketInputStream.java:141)
	at java.net.SocketInputStream.read(SocketInputStream.java:127)
	at com.mycompany.forwardproxyserver.HttpRequestHandler.dawnloadFromInet(HttpRequestHandler.java:112)
	at com.mycompany.forwardproxyserver.HttpRequestHandler.run(HttpRequestHandler.java:181)
	at java.util.concurrent.ThreadPoolExecutor.runWorker(ThreadPoolExecutor.java:1142)
	at java.util.concurrent.ThreadPoolExecutor$Worker.run(ThreadPoolExecutor.java:617)
	at java.lang.Thread.run(Thread.java:745)
07-03-2016 15:27:53 INFO  ClientsBrowserAnalyzer:106 - 

*****************************
Информация о браузерах: {Mozilla Firefox=0, Internet Explirer=0, Google Chrome=4, Safary=0, Opera=0, Other=0}
*****************************

07-03-2016 15:27:53 INFO  ServerResponseTimeAnalizer:51 - На дату 2016-03-07 15:26:13 количество живых подключений 10 время ответа сервера 19 милисекунд
07-03-2016 15:27:53 INFO  ServerResponseTimeAnalizer:51 - На дату 2016-03-07 15:26:13 количество живых подключений 10 время ответа сервера 372 милисекунд
07-03-2016 15:27:53 INFO  ServerResponseTimeAnalizer:51 - На дату 2016-03-07 15:26:13 количество живых подключений 10 время ответа сервера 310 милисекунд
07-03-2016 15:27:53 INFO  ServerResponseTimeAnalizer:51 - На дату 2016-03-07 15:26:13 количество живых подключений 10 время ответа сервера 250 милисекунд
07-03-2016 15:27:53 INFO  ServerResponseTimeAnalizer:51 - На дату 2016-03-07 15:26:13 количество живых подключений 10 время ответа сервера 700 милисекунд
07-03-2016 15:27:53 INFO  ServerResponseTimeAnalizer:51 - На дату 2016-03-07 15:26:13 количество живых подключений 10 время ответа сервера 477 милисекунд
07-03-2016 15:27:53 INFO  ServerResponseTimeAnalizer:51 - На дату 2016-03-07 15:26:13 количество живых подключений 10 время ответа сервера 544 милисекунд
07-03-2016 15:27:53 INFO  ServerResponseTimeAnalizer:51 - На дату 2016-03-07 15:26:13 количество живых подключений 10 время ответа сервера 1 милисекунд
07-03-2016 15:27:53 INFO  ServerResponseTimeAnalizer:51 - На дату 2016-03-07 15:26:13 количество живых подключений 10 время ответа сервера 2 милисекунд
07-03-2016 15:27:53 INFO  ServerResponseTimeAnalizer:51 - На дату 2016-03-07 15:26:13 количество живых подключений 10 время ответа сервера 3 милисекунд
07-03-2016 15:27:53 INFO  ServerResponseTimeAnalizer:51 - На дату 2016-03-07 15:26:13 количество живых подключений 10 время ответа сервера 4 милисекунд
07-03-2016 15:27:53 INFO  ServerResponseTimeAnalizer:51 - На дату 2016-03-07 15:26:13 количество живых подключений 10 время ответа сервера 7 милисекунд
07-03-2016 15:27:53 INFO  ServerResponseTimeAnalizer:51 - На дату 2016-03-07 15:26:13 количество живых подключений 10 время ответа сервера 8 милисекунд
07-03-2016 15:27:53 INFO  ServerResponseTimeAnalizer:51 - На дату 2016-03-07 15:26:13 количество живых подключений 10 время ответа сервера 647 милисекунд
07-03-2016 15:27:53 INFO  ServerResponseTimeAnalizer:51 - На дату 2016-03-07 15:26:13 количество живых подключений 10 время ответа сервера 9 милисекунд
07-03-2016 15:27:53 INFO  ServerResponseTimeAnalizer:51 - На дату 2016-03-07 15:26:13 количество живых подключений 10 время ответа сервера 204 милисекунд
07-03-2016 15:27:53 INFO  ServerResponseTimeAnalizer:51 - На дату 2016-03-07 15:26:14 количество живых подключений 10 время ответа сервера 938 милисекунд
07-03-2016 15:27:53 INFO  ServerResponseTimeAnalizer:51 - На дату 2016-03-07 15:26:13 количество живых подключений 10 время ответа сервера 13 милисекунд
07-03-2016 15:27:53 INFO  ServerResponseTimeAnalizer:51 - На дату 2016-03-07 15:26:13 количество живых подключений 10 время ответа сервера 430 милисекунд
07-03-2016 15:27:53 ERROR HttpRequestHandler:191 - Error: 
java.net.SocketException: Connection reset
	at java.net.SocketInputStream.read(SocketInputStream.java:209)
	at java.net.SocketInputStream.read(SocketInputStream.java:141)
	at java.net.SocketInputStream.read(SocketInputStream.java:127)
	at com.mycompany.forwardproxyserver.HttpRequestHandler.dawnloadFromInet(HttpRequestHandler.java:112)
	at com.mycompany.forwardproxyserver.HttpRequestHandler.run(HttpRequestHandler.java:181)
	at java.util.concurrent.ThreadPoolExecutor.runWorker(ThreadPoolExecutor.java:1142)
	at java.util.concurrent.ThreadPoolExecutor$Worker.run(ThreadPoolExecutor.java:617)
	at java.lang.Thread.run(Thread.java:745)
07-03-2016 15:27:53 INFO  ClientsBrowserAnalyzer:106 - 

*****************************
Информация о браузерах: {Mozilla Firefox=0, Internet Explirer=0, Google Chrome=4, Safary=0, Opera=0, Other=0}
*****************************

07-03-2016 15:27:53 INFO  ServerResponseTimeAnalizer:51 - На дату 2016-03-07 15:26:13 количество живых подключений 10 время ответа сервера 19 милисекунд
07-03-2016 15:27:53 INFO  ServerResponseTimeAnalizer:51 - На дату 2016-03-07 15:26:13 количество живых подключений 10 время ответа сервера 372 милисекунд
07-03-2016 15:27:53 INFO  ServerResponseTimeAnalizer:51 - На дату 2016-03-07 15:26:13 количество живых подключений 10 время ответа сервера 310 милисекунд
07-03-2016 15:27:53 INFO  ServerResponseTimeAnalizer:51 - На дату 2016-03-07 15:26:13 количество живых подключений 10 время ответа сервера 250 милисекунд
07-03-2016 15:27:53 INFO  ServerResponseTimeAnalizer:51 - На дату 2016-03-07 15:26:13 количество живых подключений 10 время ответа сервера 700 милисекунд
07-03-2016 15:27:53 INFO  ServerResponseTimeAnalizer:51 - На дату 2016-03-07 15:26:13 количество живых подключений 10 время ответа сервера 477 милисекунд
07-03-2016 15:27:53 INFO  ServerResponseTimeAnalizer:51 - На дату 2016-03-07 15:26:13 количество живых подключений 10 время ответа сервера 544 милисекунд
07-03-2016 15:27:53 INFO  ServerResponseTimeAnalizer:51 - На дату 2016-03-07 15:26:13 количество живых подключений 10 время ответа сервера 1 милисекунд
07-03-2016 15:27:53 INFO  ServerResponseTimeAnalizer:51 - На дату 2016-03-07 15:26:13 количество живых подключений 10 время ответа сервера 2 милисекунд
07-03-2016 15:27:53 INFO  ServerResponseTimeAnalizer:51 - На дату 2016-03-07 15:26:13 количество живых подключений 10 время ответа сервера 3 милисекунд
07-03-2016 15:27:53 INFO  ServerResponseTimeAnalizer:51 - На дату 2016-03-07 15:26:13 количество живых подключений 10 время ответа сервера 4 милисекунд
07-03-2016 15:27:53 INFO  ServerResponseTimeAnalizer:51 - На дату 2016-03-07 15:26:13 количество живых подключений 10 время ответа сервера 7 милисекунд
07-03-2016 15:27:53 INFO  ServerResponseTimeAnalizer:51 - На дату 2016-03-07 15:26:13 количество живых подключений 10 время ответа сервера 8 милисекунд
07-03-2016 15:27:53 INFO  ServerResponseTimeAnalizer:51 - На дату 2016-03-07 15:26:13 количество живых подключений 10 время ответа сервера 647 милисекунд
07-03-2016 15:27:53 INFO  ServerResponseTimeAnalizer:51 - На дату 2016-03-07 15:26:13 количество живых подключений 10 время ответа сервера 9 милисекунд
07-03-2016 15:27:53 INFO  ServerResponseTimeAnalizer:51 - На дату 2016-03-07 15:26:13 количество живых подключений 10 время ответа сервера 204 милисекунд
07-03-2016 15:27:53 INFO  ServerResponseTimeAnalizer:51 - На дату 2016-03-07 15:26:14 количество живых подключений 10 время ответа сервера 938 милисекунд
07-03-2016 15:27:53 INFO  ServerResponseTimeAnalizer:51 - На дату 2016-03-07 15:26:13 количество живых подключений 10 время ответа сервера 13 милисекунд
07-03-2016 15:27:53 INFO  ServerResponseTimeAnalizer:51 - На дату 2016-03-07 15:26:13 количество живых подключений 10 время ответа сервера 430 милисекунд
